#
# There is insufficient memory for the Java Runtime Environment to continue.
# Native memory allocation (malloc) failed to allocate 700336 bytes for Chunk::new
# Possible reasons:
#   The system is out of physical RAM or swap space
#   The process is running with CompressedOops enabled, and the Java Heap may be blocking the growth of the native heap
# Possible solutions:
#   Reduce memory load on the system
#   Increase physical memory or swap space
#   Check if swap backing store is full
#   Decrease Java heap size (-Xmx/-Xms)
#   Decrease number of Java threads
#   Decrease Java thread stack sizes (-Xss)
#   Set larger code cache with -XX:ReservedCodeCacheSize=
#   JVM is running with Zero Based Compressed Oops mode in which the Java heap is
#     placed in the first 32GB address space. The Java Heap base address is the
#     maximum limit for the native heap growth. Please use -XX:HeapBaseMinAddress
#     to set the Java Heap base and to place the Java Heap above 32GB virtual address.
# This output file may be truncated or incomplete.
#
#  Out of Memory Error (arena.cpp:189), pid=6456, tid=11296
#
# JRE version: OpenJDK Runtime Environment (17.0.2+8) (build 17.0.2+8-86)
# Java VM: OpenJDK 64-Bit Server VM (17.0.2+8-86, mixed mode, sharing, tiered, compressed oops, compressed class ptrs, g1 gc, windows-amd64)
# No core dump will be written. Minidumps are not enabled by default on client versions of Windows
#

---------------  S U M M A R Y ------------

Command Line: --add-opens=java.base/java.util=ALL-UNNAMED --add-opens=java.base/java.lang=ALL-UNNAMED --add-opens=java.base/java.lang.invoke=ALL-UNNAMED --add-opens=java.prefs/java.util.prefs=ALL-UNNAMED --add-opens=java.base/java.nio.charset=ALL-UNNAMED --add-opens=java.base/java.net=ALL-UNNAMED --add-opens=java.base/java.util.concurrent.atomic=ALL-UNNAMED -Xmx3G -Dfile.encoding=UTF-8 -Duser.country=IT -Duser.language=it -Duser.variant -javaagent:C:\Users\fabir\.gradle\wrapper\dists\gradle-8.5-bin\5t9huq95ubn472n8rpzujfbqh\gradle-8.5\lib\agents\gradle-instrumentation-agent-8.5.jar org.gradle.launcher.daemon.bootstrap.GradleDaemon 8.5

Host: AMD Ryzen 5 3500U with Radeon Vega Mobile Gfx  , 8 cores, 6G,  Windows 10 , 64 bit Build 19041 (10.0.19041.5072)
Time: Tue Dec  3 17:22:58 2024 ora solare Europa occidentale elapsed time: 102.300285 seconds (0d 0h 1m 42s)

---------------  T H R E A D  ---------------

Current thread (0x00000149bbd5b4e0):  JavaThread "C2 CompilerThread0" daemon [_thread_in_native, id=11296, stack(0x0000004072300000,0x0000004072400000)]


Current CompileTask:
C2: 102300 14522       4       javax.management.ObjectName::construct (1135 bytes)

Stack: [0x0000004072300000,0x0000004072400000]
Native frames: (J=compiled Java code, j=interpreted, Vv=VM code, C=native code)
V  [jvm.dll+0x670baa]
V  [jvm.dll+0x7cfcb4]
V  [jvm.dll+0x7d145e]
V  [jvm.dll+0x7d1ac3]
V  [jvm.dll+0x242bc5]
V  [jvm.dll+0xaa57b]
V  [jvm.dll+0xaab0c]
V  [jvm.dll+0x2a991f]
V  [jvm.dll+0x5792d9]
V  [jvm.dll+0x21de3d]
V  [jvm.dll+0x21e21f]
V  [jvm.dll+0x217ae5]
V  [jvm.dll+0x214fab]
V  [jvm.dll+0x1a1bbd]
V  [jvm.dll+0x224908]
V  [jvm.dll+0x222a6c]
V  [jvm.dll+0x7859bb]
V  [jvm.dll+0x77ff7a]
V  [jvm.dll+0x66fa35]
C  [ucrtbase.dll+0x21bb2]
C  [KERNEL32.DLL+0x17374]
C  [ntdll.dll+0x4cc91]


---------------  P R O C E S S  ---------------

Threads class SMR info:
_java_thread_list=0x00000149c0384800, length=104, elements={
0x000001499b614c20, 0x00000149bbd3fcf0, 0x00000149bbd41210, 0x00000149bbd4eb00,
0x00000149bbd523e0, 0x00000149bbd55450, 0x00000149bbd55d10, 0x00000149bbd5b4e0,
0x00000149bbd5dea0, 0x00000149bbd5f750, 0x00000149bbd2a830, 0x00000149bc914260,
0x00000149bd3f47b0, 0x00000149bd3f4c80, 0x00000149bd3f5150, 0x00000149bd3f5620,
0x00000149bd953a90, 0x00000149bd956110, 0x00000149bd958c60, 0x00000149bd958790,
0x00000149bd956ab0, 0x00000149bd955c40, 0x00000149bd95b2e0, 0x00000149bd953f60,
0x00000149bd959130, 0x00000149bd954430, 0x00000149bd954900, 0x00000149bd959600,
0x00000149bd955770, 0x00000149bd956f80, 0x00000149bd95a940, 0x00000149bd959ad0,
0x00000149bd957450, 0x00000149bd957920, 0x00000149bd957df0, 0x00000149bf97a220,
0x00000149bf978a10, 0x00000149bf97abc0, 0x00000149bf97e580, 0x00000149bf97b090,
0x00000149bf978ee0, 0x00000149bf97cd70, 0x00000149bf97ea50, 0x00000149bf979880,
0x00000149bf979d50, 0x00000149bf97ef20, 0x00000149bf97b560, 0x00000149bf97c8a0,
0x00000149bf97ba30, 0x00000149bf97bf00, 0x00000149bf97d240, 0x00000149bf97c3d0,
0x00000149bf97dbe0, 0x00000149c212b6e0, 0x00000149c212b210, 0x00000149c212bbb0,
0x00000149c212ad40, 0x00000149c21281f0, 0x00000149c2129ed0, 0x00000149c212c550,
0x00000149c212d890, 0x00000149c212dd60, 0x00000149c212a3a0, 0x00000149c212e230,
0x00000149c212cef0, 0x00000149c2128b90, 0x00000149c21286c0, 0x00000149c212a870,
0x00000149c212d3c0, 0x00000149c212f0a0, 0x00000149c2129530, 0x00000149c212e700,
0x00000149be6548f0, 0x00000149be64df10, 0x00000149be652270, 0x00000149be654dc0,
0x00000149be650590, 0x00000149be654420, 0x00000149be652740, 0x00000149be64e8b0,
0x00000149be6535b0, 0x00000149be650a60, 0x00000149be652c10, 0x00000149be6530e0,
0x00000149be64fbf0, 0x00000149be650f30, 0x00000149be64ed80, 0x00000149be653a80,
0x00000149be653f50, 0x00000149be64e3e0, 0x00000149be64f250, 0x00000149be64da40,
0x00000149be651400, 0x00000149be64f720, 0x00000149be651da0, 0x00000149bf97d710,
0x00000149bdf7a040, 0x00000149bdf7a510, 0x00000149bdf76b50, 0x00000149bdf78830,
0x00000149bdf796a0, 0x00000149d002a550, 0x00000149d002b3c0, 0x00000149d002d0a0
}

Java Threads: ( => current thread )
  0x000001499b614c20 JavaThread "main" [_thread_blocked, id=15908, stack(0x0000004071600000,0x0000004071700000)]
  0x00000149bbd3fcf0 JavaThread "Reference Handler" daemon [_thread_blocked, id=13180, stack(0x0000004071d00000,0x0000004071e00000)]
  0x00000149bbd41210 JavaThread "Finalizer" daemon [_thread_blocked, id=16804, stack(0x0000004071e00000,0x0000004071f00000)]
  0x00000149bbd4eb00 JavaThread "Signal Dispatcher" daemon [_thread_blocked, id=15988, stack(0x0000004071f00000,0x0000004072000000)]
  0x00000149bbd523e0 JavaThread "Attach Listener" daemon [_thread_blocked, id=12368, stack(0x0000004072000000,0x0000004072100000)]
  0x00000149bbd55450 JavaThread "Service Thread" daemon [_thread_blocked, id=9480, stack(0x0000004072100000,0x0000004072200000)]
  0x00000149bbd55d10 JavaThread "Monitor Deflation Thread" daemon [_thread_blocked, id=12644, stack(0x0000004072200000,0x0000004072300000)]
=>0x00000149bbd5b4e0 JavaThread "C2 CompilerThread0" daemon [_thread_in_native, id=11296, stack(0x0000004072300000,0x0000004072400000)]
  0x00000149bbd5dea0 JavaThread "C1 CompilerThread0" daemon [_thread_blocked, id=13152, stack(0x0000004072400000,0x0000004072500000)]
  0x00000149bbd5f750 JavaThread "Sweeper thread" daemon [_thread_blocked, id=5436, stack(0x0000004072500000,0x0000004072600000)]
  0x00000149bbd2a830 JavaThread "Common-Cleaner" daemon [_thread_blocked, id=16152, stack(0x0000004072600000,0x0000004072700000)]
  0x00000149bc914260 JavaThread "Notification Thread" daemon [_thread_blocked, id=13000, stack(0x0000004072700000,0x0000004072800000)]
  0x00000149bd3f47b0 JavaThread "Daemon health stats" [_thread_blocked, id=2912, stack(0x0000004072e00000,0x0000004072f00000)]
  0x00000149bd3f4c80 JavaThread "Incoming local TCP Connector on port 61035" [_thread_in_native, id=15116, stack(0x0000004072d00000,0x0000004072e00000)]
  0x00000149bd3f5150 JavaThread "Daemon periodic checks" [_thread_blocked, id=15448, stack(0x0000004072f00000,0x0000004073000000)]
  0x00000149bd3f5620 JavaThread "Daemon" [_thread_blocked, id=2284, stack(0x0000004073000000,0x0000004073100000)]
  0x00000149bd953a90 JavaThread "Handler for socket connection from /127.0.0.1:61035 to /127.0.0.1:61036" [_thread_in_native, id=13844, stack(0x0000004073100000,0x0000004073200000)]
  0x00000149bd956110 JavaThread "Cancel handler" [_thread_blocked, id=15684, stack(0x0000004073200000,0x0000004073300000)]
  0x00000149bd958c60 JavaThread "Daemon worker" [_thread_blocked, id=15672, stack(0x0000004073300000,0x0000004073400000)]
  0x00000149bd958790 JavaThread "Asynchronous log dispatcher for DefaultDaemonConnection: socket connection from /127.0.0.1:61035 to /127.0.0.1:61036" [_thread_blocked, id=760, stack(0x0000004073400000,0x0000004073500000)]
  0x00000149bd956ab0 JavaThread "Stdin handler" [_thread_blocked, id=5212, stack(0x0000004073500000,0x0000004073600000)]
  0x00000149bd955c40 JavaThread "Daemon client event forwarder" [_thread_blocked, id=7004, stack(0x0000004073600000,0x0000004073700000)]
  0x00000149bd95b2e0 JavaThread "Cache worker for journal cache (C:\Users\fabir\.gradle\caches\journal-1)" [_thread_blocked, id=10460, stack(0x0000004073a00000,0x0000004073b00000)]
  0x00000149bd953f60 JavaThread "File lock request listener" [_thread_in_native, id=2464, stack(0x0000004073b00000,0x0000004073c00000)]
  0x00000149bd959130 JavaThread "Cache worker for file hash cache (C:\Users\fabir\.gradle\caches\8.5\fileHashes)" [_thread_blocked, id=7244, stack(0x0000004073d00000,0x0000004073e00000)]
  0x00000149bd954430 JavaThread "File watcher server" daemon [_thread_in_native, id=12608, stack(0x0000004073c00000,0x0000004073d00000)]
  0x00000149bd954900 JavaThread "File watcher consumer" daemon [_thread_blocked, id=14124, stack(0x0000004073e00000,0x0000004073f00000)]
  0x00000149bd959600 JavaThread "Cache worker for checksums cache (D:\ascended-quark\.gradle\8.5\checksums)" [_thread_blocked, id=10016, stack(0x0000004074000000,0x0000004074100000)]
  0x00000149bd955770 JavaThread "Cache worker for file hash cache (D:\ascended-quark\.gradle\8.5\fileHashes)" [_thread_blocked, id=1608, stack(0x0000004074100000,0x0000004074200000)]
  0x00000149bd956f80 JavaThread "Cache worker for cache directory md-supplier (C:\Users\fabir\.gradle\caches\8.5\md-supplier)" [_thread_blocked, id=12260, stack(0x0000004074200000,0x0000004074300000)]
  0x00000149bd95a940 JavaThread "Cache worker for cache directory md-rule (C:\Users\fabir\.gradle\caches\8.5\md-rule)" [_thread_blocked, id=9756, stack(0x0000004074300000,0x0000004074400000)]
  0x00000149bd959ad0 JavaThread "Cache worker for file content cache (C:\Users\fabir\.gradle\caches\8.5\fileContent)" [_thread_blocked, id=11684, stack(0x0000004074400000,0x0000004074500000)]
  0x00000149bd957450 JavaThread "Cache worker for execution history cache (C:\Users\fabir\.gradle\caches\8.5\executionHistory)" [_thread_blocked, id=7848, stack(0x0000004074500000,0x0000004074600000)]
  0x00000149bd957920 JavaThread "jar transforms" [_thread_blocked, id=11204, stack(0x0000004074700000,0x0000004074800000)]
  0x00000149bd957df0 JavaThread "jar transforms Thread 2" [_thread_blocked, id=1028, stack(0x0000004074800000,0x0000004074900000)]
  0x00000149bf97a220 JavaThread "jar transforms Thread 3" [_thread_blocked, id=5628, stack(0x0000004074900000,0x0000004074a00000)]
  0x00000149bf978a10 JavaThread "jar transforms Thread 4" [_thread_blocked, id=7260, stack(0x0000004074a00000,0x0000004074b00000)]
  0x00000149bf97abc0 JavaThread "jar transforms Thread 5" [_thread_blocked, id=16540, stack(0x0000004074b00000,0x0000004074c00000)]
  0x00000149bf97e580 JavaThread "Unconstrained build operations" [_thread_blocked, id=3236, stack(0x0000004074c00000,0x0000004074d00000)]
  0x00000149bf97b090 JavaThread "Unconstrained build operations Thread 2" [_thread_blocked, id=12048, stack(0x0000004074d00000,0x0000004074e00000)]
  0x00000149bf978ee0 JavaThread "jar transforms Thread 6" [_thread_blocked, id=15860, stack(0x0000004074e00000,0x0000004074f00000)]
  0x00000149bf97cd70 JavaThread "jar transforms Thread 7" [_thread_blocked, id=8872, stack(0x0000004074f00000,0x0000004075000000)]
  0x00000149bf97ea50 JavaThread "jar transforms Thread 8" [_thread_blocked, id=16536, stack(0x0000004075000000,0x0000004075100000)]
  0x00000149bf979880 JavaThread "Cache worker for dependencies-accessors (D:\ascended-quark\.gradle\8.5\dependencies-accessors)" [_thread_blocked, id=4052, stack(0x0000004075100000,0x0000004075200000)]
  0x00000149bf979d50 JavaThread "Cache worker for Build Output Cleanup Cache (D:\ascended-quark\.gradle\buildOutputCleanup)" [_thread_blocked, id=12360, stack(0x0000004075200000,0x0000004075300000)]
  0x00000149bf97ef20 JavaThread "Unconstrained build operations Thread 3" [_thread_blocked, id=6324, stack(0x0000004075300000,0x0000004075400000)]
  0x00000149bf97b560 JavaThread "Unconstrained build operations Thread 4" [_thread_blocked, id=12716, stack(0x0000004075400000,0x0000004075500000)]
  0x00000149bf97c8a0 JavaThread "Unconstrained build operations Thread 5" [_thread_blocked, id=15936, stack(0x0000004075500000,0x0000004075600000)]
  0x00000149bf97ba30 JavaThread "Unconstrained build operations Thread 6" [_thread_blocked, id=8176, stack(0x0000004075600000,0x0000004075700000)]
  0x00000149bf97bf00 JavaThread "Unconstrained build operations Thread 7" [_thread_blocked, id=16136, stack(0x0000004075700000,0x0000004075800000)]
  0x00000149bf97d240 JavaThread "Unconstrained build operations Thread 8" [_thread_blocked, id=15200, stack(0x0000004075800000,0x0000004075900000)]
  0x00000149bf97c3d0 JavaThread "Unconstrained build operations Thread 9" [_thread_blocked, id=792, stack(0x0000004075900000,0x0000004075a00000)]
  0x00000149bf97dbe0 JavaThread "Memory manager" [_thread_blocked, id=16084, stack(0x0000004075b00000,0x0000004075c00000)]
  0x00000149c212b6e0 JavaThread "ForkJoinPool.commonPool-worker-1" daemon [_thread_blocked, id=9812, stack(0x0000004075c00000,0x0000004075d00000)]
  0x00000149c212b210 JavaThread "ForkJoinPool.commonPool-worker-2" daemon [_thread_blocked, id=3348, stack(0x0000004075d00000,0x0000004075e00000)]
  0x00000149c212bbb0 JavaThread "ForkJoinPool.commonPool-worker-3" daemon [_thread_blocked, id=592, stack(0x0000004075e00000,0x0000004075f00000)]
  0x00000149c212ad40 JavaThread "ForkJoinPool.commonPool-worker-5" daemon [_thread_blocked, id=3228, stack(0x0000004076000000,0x0000004076100000)]
  0x00000149c21281f0 JavaThread "ForkJoinPool.commonPool-worker-6" daemon [_thread_blocked, id=6784, stack(0x0000004076100000,0x0000004076200000)]
  0x00000149c2129ed0 JavaThread "ForkJoinPool.commonPool-worker-7" daemon [_thread_blocked, id=15832, stack(0x0000004076200000,0x0000004076300000)]
  0x00000149c212c550 JavaThread "Exec process" daemon [_thread_in_native, id=2324, stack(0x0000004076300000,0x0000004076400000)]
  0x00000149c212d890 JavaThread "Exec process Thread 2" daemon [_thread_in_native, id=14556, stack(0x0000004076400000,0x0000004076500000)]
  0x00000149c212dd60 JavaThread "Exec process Thread 3" daemon [_thread_in_native, id=6912, stack(0x0000004076500000,0x0000004076600000)]
  0x00000149c212a3a0 JavaThread "Unconstrained build operations Thread 10" [_thread_blocked, id=15520, stack(0x0000004074600000,0x0000004074700000)]
  0x00000149c212e230 JavaThread "Unconstrained build operations Thread 11" [_thread_blocked, id=13260, stack(0x0000004076600000,0x0000004076700000)]
  0x00000149c212cef0 JavaThread "Unconstrained build operations Thread 12" [_thread_blocked, id=3220, stack(0x0000004076700000,0x0000004076800000)]
  0x00000149c2128b90 JavaThread "Unconstrained build operations Thread 13" [_thread_blocked, id=2144, stack(0x0000004076800000,0x0000004076900000)]
  0x00000149c21286c0 JavaThread "Unconstrained build operations Thread 14" [_thread_blocked, id=12104, stack(0x0000004076900000,0x0000004076a00000)]
  0x00000149c212a870 JavaThread "Unconstrained build operations Thread 15" [_thread_blocked, id=10244, stack(0x0000004076a00000,0x0000004076b00000)]
  0x00000149c212d3c0 JavaThread "Unconstrained build operations Thread 16" [_thread_blocked, id=6028, stack(0x0000004076b00000,0x0000004076c00000)]
  0x00000149c212f0a0 JavaThread "Unconstrained build operations Thread 17" [_thread_blocked, id=9760, stack(0x0000004076c00000,0x0000004076d00000)]
  0x00000149c2129530 JavaThread "Unconstrained build operations Thread 18" [_thread_blocked, id=6800, stack(0x0000004076d00000,0x0000004076e00000)]
  0x00000149c212e700 JavaThread "Unconstrained build operations Thread 19" [_thread_blocked, id=13224, stack(0x0000004076e00000,0x0000004076f00000)]
  0x00000149be6548f0 JavaThread "Unconstrained build operations Thread 20" [_thread_blocked, id=17140, stack(0x0000004076f00000,0x0000004077000000)]
  0x00000149be64df10 JavaThread "Unconstrained build operations Thread 21" [_thread_blocked, id=4704, stack(0x0000004077000000,0x0000004077100000)]
  0x00000149be652270 JavaThread "Unconstrained build operations Thread 22" [_thread_blocked, id=16888, stack(0x0000004077100000,0x0000004077200000)]
  0x00000149be654dc0 JavaThread "Unconstrained build operations Thread 23" [_thread_blocked, id=2996, stack(0x0000004077200000,0x0000004077300000)]
  0x00000149be650590 JavaThread "included builds" [_thread_blocked, id=16232, stack(0x0000004077300000,0x0000004077400000)]
  0x00000149be654420 JavaThread "Execution worker" [_thread_blocked, id=5952, stack(0x0000004077400000,0x0000004077500000)]
  0x00000149be652740 JavaThread "Execution worker Thread 2" [_thread_blocked, id=12592, stack(0x0000004077500000,0x0000004077600000)]
  0x00000149be64e8b0 JavaThread "Execution worker Thread 3" [_thread_blocked, id=8392, stack(0x0000004077600000,0x0000004077700000)]
  0x00000149be6535b0 JavaThread "Execution worker Thread 4" [_thread_blocked, id=12564, stack(0x0000004077700000,0x0000004077800000)]
  0x00000149be650a60 JavaThread "Execution worker Thread 5" [_thread_blocked, id=9432, stack(0x0000004077800000,0x0000004077900000)]
  0x00000149be652c10 JavaThread "Execution worker Thread 6" [_thread_blocked, id=8104, stack(0x0000004077900000,0x0000004077a00000)]
  0x00000149be6530e0 JavaThread "Execution worker Thread 7" [_thread_blocked, id=3300, stack(0x0000004077a00000,0x0000004077b00000)]
  0x00000149be64fbf0 JavaThread "Cache worker for execution history cache (D:\ascended-quark\.gradle\8.5\executionHistory)" [_thread_blocked, id=16652, stack(0x0000004077b00000,0x0000004077c00000)]
  0x00000149be650f30 JavaThread "Unconstrained build operations Thread 24" [_thread_blocked, id=15232, stack(0x0000004077c00000,0x0000004077d00000)]
  0x00000149be64ed80 JavaThread "Unconstrained build operations Thread 25" [_thread_blocked, id=4060, stack(0x0000004077d00000,0x0000004077e00000)]
  0x00000149be653a80 JavaThread "Unconstrained build operations Thread 26" [_thread_blocked, id=6320, stack(0x0000004077e00000,0x0000004077f00000)]
  0x00000149be653f50 JavaThread "Unconstrained build operations Thread 27" [_thread_blocked, id=15248, stack(0x0000004077f00000,0x0000004078000000)]
  0x00000149be64e3e0 JavaThread "Unconstrained build operations Thread 28" [_thread_blocked, id=11280, stack(0x0000004078000000,0x0000004078100000)]
  0x00000149be64f250 JavaThread "Unconstrained build operations Thread 29" [_thread_blocked, id=9516, stack(0x0000004078100000,0x0000004078200000)]
  0x00000149be64da40 JavaThread "Unconstrained build operations Thread 30" [_thread_blocked, id=13400, stack(0x0000004078200000,0x0000004078300000)]
  0x00000149be651400 JavaThread "Unconstrained build operations Thread 31" [_thread_blocked, id=5132, stack(0x0000004078300000,0x0000004078400000)]
  0x00000149be64f720 JavaThread "Cache worker for Java compile cache (C:\Users\fabir\.gradle\caches\8.5\javaCompile)" [_thread_blocked, id=8368, stack(0x0000004075a00000,0x0000004075b00000)]
  0x00000149be651da0 JavaThread "Build operations" [_thread_blocked, id=4500, stack(0x0000004078400000,0x0000004078500000)]
  0x00000149bf97d710 JavaThread "Build operations Thread 2" [_thread_blocked, id=11612, stack(0x0000004078500000,0x0000004078600000)]
  0x00000149bdf7a040 JavaThread "Build operations Thread 3" [_thread_blocked, id=15768, stack(0x0000004078600000,0x0000004078700000)]
  0x00000149bdf7a510 JavaThread "Build operations Thread 4" [_thread_blocked, id=15300, stack(0x0000004078700000,0x0000004078800000)]
  0x00000149bdf76b50 JavaThread "Build operations Thread 5" [_thread_blocked, id=15752, stack(0x0000004078800000,0x0000004078900000)]
  0x00000149bdf78830 JavaThread "Build operations Thread 6" [_thread_blocked, id=9500, stack(0x0000004078900000,0x0000004078a00000)]
  0x00000149bdf796a0 JavaThread "Build operations Thread 7" [_thread_blocked, id=12988, stack(0x0000004078a00000,0x0000004078b00000)]
  0x00000149d002a550 JavaThread "Unconstrained build operations Thread 32" [_thread_blocked, id=14828, stack(0x0000004079500000,0x0000004079600000)]
  0x00000149d002b3c0 JavaThread "Unconstrained build operations Thread 33" [_thread_blocked, id=15092, stack(0x0000004079600000,0x0000004079700000)]
  0x00000149d002d0a0 JavaThread "Unconstrained build operations Thread 34" [_thread_blocked, id=4724, stack(0x0000004079200000,0x0000004079300000)]

Other Threads:
  0x00000149bbd39640 VMThread "VM Thread" [stack: 0x0000004071c00000,0x0000004071d00000] [id=7420]
  0x000001499b670050 WatcherThread [stack: 0x0000004072800000,0x0000004072900000] [id=5688]
  0x000001499b65b7a0 GCTaskThread "GC Thread#0" [stack: 0x0000004071700000,0x0000004071800000] [id=9780]
  0x00000149bd80b310 GCTaskThread "GC Thread#1" [stack: 0x0000004072a00000,0x0000004072b00000] [id=9728]
  0x00000149bdbc0c60 GCTaskThread "GC Thread#2" [stack: 0x0000004072b00000,0x0000004072c00000] [id=16036]
  0x00000149bdc31090 GCTaskThread "GC Thread#3" [stack: 0x0000004072c00000,0x0000004072d00000] [id=13064]
  0x00000149bd686050 GCTaskThread "GC Thread#4" [stack: 0x0000004072900000,0x0000004072a00000] [id=15948]
  0x00000149be033210 GCTaskThread "GC Thread#5" [stack: 0x0000004073700000,0x0000004073800000] [id=5964]
  0x00000149bd7ee030 GCTaskThread "GC Thread#6" [stack: 0x0000004073800000,0x0000004073900000] [id=13336]
  0x00000149bdb4e340 GCTaskThread "GC Thread#7" [stack: 0x0000004073900000,0x0000004073a00000] [id=11216]
  0x000001499b6685f0 ConcurrentGCThread "G1 Main Marker" [stack: 0x0000004071800000,0x0000004071900000] [id=11676]
  0x000001499b6696b0 ConcurrentGCThread "G1 Conc#0" [stack: 0x0000004071900000,0x0000004071a00000] [id=15912]
  0x00000149c00cfc80 ConcurrentGCThread "G1 Conc#1" [stack: 0x0000004073f00000,0x0000004074000000] [id=2928]
  0x000001499b6d6530 ConcurrentGCThread "G1 Refine#0" [stack: 0x0000004071a00000,0x0000004071b00000] [id=14384]
  0x00000149c0288c60 ConcurrentGCThread "G1 Refine#1" [stack: 0x0000004078b00000,0x0000004078c00000] [id=3304]
  0x00000149c0287e00 ConcurrentGCThread "G1 Refine#2" [stack: 0x0000004078c00000,0x0000004078d00000] [id=6084]
  0x00000149c0286fa0 ConcurrentGCThread "G1 Refine#3" [stack: 0x0000004078d00000,0x0000004078e00000] [id=5516]
  0x00000149c0287280 ConcurrentGCThread "G1 Refine#4" [stack: 0x0000004078e00000,0x0000004078f00000] [id=17116]
  0x00000149c0287b20 ConcurrentGCThread "G1 Refine#5" [stack: 0x0000004078f00000,0x0000004079000000] [id=12904]
  0x00000149c0288f40 ConcurrentGCThread "G1 Refine#6" [stack: 0x0000004079000000,0x0000004079100000] [id=5828]
  0x00000149c0289500 ConcurrentGCThread "G1 Refine#7" [stack: 0x0000004079100000,0x0000004079200000] [id=9164]
  0x000001499b6d6e60 ConcurrentGCThread "G1 Service" [stack: 0x0000004071b00000,0x0000004071c00000] [id=10224]

Threads with active compile tasks:
C2 CompilerThread0   102366 14522       4       javax.management.ObjectName::construct (1135 bytes)

VM state: not at safepoint (normal execution)

VM Mutex/Monitor currently owned by a thread: None

Heap address: 0x0000000740000000, size: 3072 MB, Compressed Oops mode: Zero based, Oop shift amount: 3

CDS archive(s) mapped at: [0x0000000800000000-0x0000000800bc0000-0x0000000800bc0000), size 12320768, SharedBaseAddress: 0x0000000800000000, ArchiveRelocationMode: 0.
Compressed class space mapped at: 0x0000000800c00000-0x0000000840c00000, reserved size: 1073741824
Narrow klass base: 0x0000000800000000, Narrow klass shift: 0, Narrow klass range: 0x100000000

GC Precious Log:
 CPUs: 8 total, 8 available
 Memory: 7103M
 Large Page Support: Disabled
 NUMA Support: Disabled
 Compressed Oops: Enabled (Zero based)
 Heap Region Size: 2M
 Heap Min Capacity: 8M
 Heap Initial Capacity: 112M
 Heap Max Capacity: 3G
 Pre-touch: Disabled
 Parallel Workers: 8
 Concurrent Workers: 2
 Concurrent Refinement Workers: 8
 Periodic GC: Disabled

Heap:
 garbage-first heap   total 479232K, used 231877K [0x0000000740000000, 0x0000000800000000)
  region size 2048K, 25 young (51200K), 7 survivors (14336K)
 Metaspace       used 81816K, committed 82560K, reserved 1122304K
  class space    used 11057K, committed 11392K, reserved 1048576K

Heap Regions: E=young(eden), S=young(survivor), O=old, HS=humongous(starts), HC=humongous(continues), CS=collection set, F=free, OA=open archive, CA=closed archive, TAMS=top-at-mark-start (previous, next)
|   0|0x0000000740000000, 0x0000000740200000, 0x0000000740200000|100%|HS|  |TAMS 0x0000000740200000, 0x0000000740200000| Complete 
|   1|0x0000000740200000, 0x0000000740400000, 0x0000000740400000|100%|HC|  |TAMS 0x0000000740400000, 0x0000000740400000| Complete 
|   2|0x0000000740400000, 0x0000000740600000, 0x0000000740600000|100%| O|  |TAMS 0x0000000740600000, 0x0000000740600000| Untracked 
|   3|0x0000000740600000, 0x0000000740800000, 0x0000000740800000|100%| O|  |TAMS 0x0000000740800000, 0x0000000740800000| Untracked 
|   4|0x0000000740800000, 0x0000000740a00000, 0x0000000740a00000|100%| O|  |TAMS 0x0000000740a00000, 0x0000000740a00000| Untracked 
|   5|0x0000000740a00000, 0x0000000740c00000, 0x0000000740c00000|100%| O|  |TAMS 0x0000000740c00000, 0x0000000740c00000| Untracked 
|   6|0x0000000740c00000, 0x0000000740e00000, 0x0000000740e00000|100%| O|  |TAMS 0x0000000740e00000, 0x0000000740e00000| Untracked 
|   7|0x0000000740e00000, 0x0000000741000000, 0x0000000741000000|100%| O|  |TAMS 0x0000000741000000, 0x0000000741000000| Untracked 
|   8|0x0000000741000000, 0x0000000741200000, 0x0000000741200000|100%| O|  |TAMS 0x0000000741200000, 0x0000000741200000| Untracked 
|   9|0x0000000741200000, 0x0000000741271400, 0x0000000741400000| 22%| O|  |TAMS 0x0000000741271400, 0x0000000741271400| Untracked 
|  10|0x0000000741400000, 0x0000000741600000, 0x0000000741600000|100%| O|  |TAMS 0x0000000741600000, 0x0000000741600000| Untracked 
|  11|0x0000000741600000, 0x0000000741800000, 0x0000000741800000|100%| O|  |TAMS 0x0000000741800000, 0x0000000741800000| Untracked 
|  12|0x0000000741800000, 0x0000000741a00000, 0x0000000741a00000|100%| O|  |TAMS 0x0000000741a00000, 0x0000000741a00000| Untracked 
|  13|0x0000000741a00000, 0x0000000741c00000, 0x0000000741c00000|100%| O|  |TAMS 0x0000000741c00000, 0x0000000741c00000| Untracked 
|  14|0x0000000741c00000, 0x0000000741e00000, 0x0000000741e00000|100%| O|  |TAMS 0x0000000741e00000, 0x0000000741e00000| Untracked 
|  15|0x0000000741e00000, 0x0000000742000000, 0x0000000742000000|100%| O|  |TAMS 0x0000000742000000, 0x0000000742000000| Untracked 
|  16|0x0000000742000000, 0x0000000742200000, 0x0000000742200000|100%|HS|  |TAMS 0x0000000742200000, 0x0000000742200000| Complete 
|  17|0x0000000742200000, 0x0000000742400000, 0x0000000742400000|100%| O|  |TAMS 0x0000000742400000, 0x0000000742400000| Untracked 
|  18|0x0000000742400000, 0x0000000742600000, 0x0000000742600000|100%| O|  |TAMS 0x0000000742600000, 0x0000000742600000| Untracked 
|  19|0x0000000742600000, 0x0000000742800000, 0x0000000742800000|100%| O|  |TAMS 0x0000000742800000, 0x0000000742800000| Untracked 
|  20|0x0000000742800000, 0x0000000742a00000, 0x0000000742a00000|100%| O|  |TAMS 0x0000000742a00000, 0x0000000742a00000| Untracked 
|  21|0x0000000742a00000, 0x0000000742c00000, 0x0000000742c00000|100%| O|  |TAMS 0x0000000742c00000, 0x0000000742c00000| Untracked 
|  22|0x0000000742c00000, 0x0000000742e00000, 0x0000000742e00000|100%| O|  |TAMS 0x0000000742e00000, 0x0000000742e00000| Untracked 
|  23|0x0000000742e00000, 0x0000000743000000, 0x0000000743000000|100%| O|  |TAMS 0x0000000743000000, 0x0000000743000000| Untracked 
|  24|0x0000000743000000, 0x0000000743200000, 0x0000000743200000|100%| O|  |TAMS 0x0000000743200000, 0x0000000743200000| Untracked 
|  25|0x0000000743200000, 0x0000000743400000, 0x0000000743400000|100%| O|  |TAMS 0x0000000743400000, 0x0000000743400000| Untracked 
|  26|0x0000000743400000, 0x0000000743600000, 0x0000000743600000|100%| O|  |TAMS 0x0000000743600000, 0x0000000743600000| Untracked 
|  27|0x0000000743600000, 0x0000000743800000, 0x0000000743800000|100%| O|  |TAMS 0x0000000743600000, 0x0000000743720a00| Untracked 
|  28|0x0000000743800000, 0x0000000743a00000, 0x0000000743a00000|100%| O|  |TAMS 0x0000000743800000, 0x0000000743800000| Untracked 
|  29|0x0000000743a00000, 0x0000000743c00000, 0x0000000743c00000|100%| O|  |TAMS 0x0000000743a00000, 0x0000000743a00000| Untracked 
|  30|0x0000000743c00000, 0x0000000743e00000, 0x0000000743e00000|100%| O|  |TAMS 0x0000000743c00000, 0x0000000743c00000| Untracked 
|  31|0x0000000743e00000, 0x0000000744000000, 0x0000000744000000|100%| O|  |TAMS 0x0000000743f64a00, 0x0000000744000000| Untracked 
|  32|0x0000000744000000, 0x0000000744200000, 0x0000000744200000|100%| O|  |TAMS 0x0000000744000000, 0x0000000744000000| Untracked 
|  33|0x0000000744200000, 0x0000000744400000, 0x0000000744400000|100%| O|  |TAMS 0x0000000744200000, 0x0000000744200000| Untracked 
|  34|0x0000000744400000, 0x0000000744600000, 0x0000000744600000|100%| O|  |TAMS 0x0000000744400000, 0x0000000744400000| Untracked 
|  35|0x0000000744600000, 0x0000000744800000, 0x0000000744800000|100%|HS|  |TAMS 0x0000000744600000, 0x0000000744600000| Complete 
|  36|0x0000000744800000, 0x0000000744a00000, 0x0000000744a00000|100%|HS|  |TAMS 0x0000000744800000, 0x0000000744800000| Complete 
|  37|0x0000000744a00000, 0x0000000744c00000, 0x0000000744c00000|100%| O|  |TAMS 0x0000000744a00000, 0x0000000744a00000| Untracked 
|  38|0x0000000744c00000, 0x0000000744e00000, 0x0000000744e00000|100%| O|  |TAMS 0x0000000744c00000, 0x0000000744c00000| Untracked 
|  39|0x0000000744e00000, 0x0000000745000000, 0x0000000745000000|100%| O|  |TAMS 0x0000000744e00000, 0x0000000744e00000| Untracked 
|  40|0x0000000745000000, 0x0000000745200000, 0x0000000745200000|100%| O|  |TAMS 0x0000000745000000, 0x0000000745000000| Untracked 
|  41|0x0000000745200000, 0x0000000745400000, 0x0000000745400000|100%| O|  |TAMS 0x0000000745200000, 0x0000000745200000| Untracked 
|  42|0x0000000745400000, 0x0000000745600000, 0x0000000745600000|100%| O|  |TAMS 0x0000000745400000, 0x0000000745400000| Untracked 
|  43|0x0000000745600000, 0x0000000745800000, 0x0000000745800000|100%| O|  |TAMS 0x0000000745600000, 0x0000000745600000| Untracked 
|  44|0x0000000745800000, 0x0000000745a00000, 0x0000000745a00000|100%| O|  |TAMS 0x0000000745800000, 0x0000000745800000| Untracked 
|  45|0x0000000745a00000, 0x0000000745c00000, 0x0000000745c00000|100%| O|  |TAMS 0x0000000745a00000, 0x0000000745a00000| Untracked 
|  46|0x0000000745c00000, 0x0000000745e00000, 0x0000000745e00000|100%| O|  |TAMS 0x0000000745c00000, 0x0000000745c00000| Untracked 
|  47|0x0000000745e00000, 0x0000000746000000, 0x0000000746000000|100%| O|  |TAMS 0x0000000745e00000, 0x0000000745e00000| Untracked 
|  48|0x0000000746000000, 0x0000000746200000, 0x0000000746200000|100%| O|  |TAMS 0x0000000746000000, 0x0000000746000000| Untracked 
|  49|0x0000000746200000, 0x0000000746400000, 0x0000000746400000|100%| O|  |TAMS 0x0000000746200000, 0x0000000746200000| Untracked 
|  50|0x0000000746400000, 0x0000000746600000, 0x0000000746600000|100%| O|  |TAMS 0x0000000746400000, 0x0000000746400000| Untracked 
|  51|0x0000000746600000, 0x0000000746800000, 0x0000000746800000|100%| O|  |TAMS 0x0000000746600000, 0x0000000746600000| Untracked 
|  52|0x0000000746800000, 0x0000000746a00000, 0x0000000746a00000|100%| O|  |TAMS 0x0000000746800000, 0x0000000746800000| Untracked 
|  53|0x0000000746a00000, 0x0000000746c00000, 0x0000000746c00000|100%| O|  |TAMS 0x0000000746a00000, 0x0000000746a00000| Untracked 
|  54|0x0000000746c00000, 0x0000000746e00000, 0x0000000746e00000|100%| O|  |TAMS 0x0000000746c00000, 0x0000000746c00000| Untracked 
|  55|0x0000000746e00000, 0x0000000747000000, 0x0000000747000000|100%| O|  |TAMS 0x0000000746e00000, 0x0000000746e00000| Untracked 
|  56|0x0000000747000000, 0x0000000747200000, 0x0000000747200000|100%| O|  |TAMS 0x0000000747000000, 0x0000000747000000| Untracked 
|  57|0x0000000747200000, 0x0000000747400000, 0x0000000747400000|100%| O|  |TAMS 0x0000000747200000, 0x0000000747200000| Untracked 
|  58|0x0000000747400000, 0x0000000747600000, 0x0000000747600000|100%| O|  |TAMS 0x0000000747400000, 0x0000000747400000| Untracked 
|  59|0x0000000747600000, 0x0000000747800000, 0x0000000747800000|100%| O|  |TAMS 0x0000000747600000, 0x0000000747600000| Untracked 
|  60|0x0000000747800000, 0x0000000747a00000, 0x0000000747a00000|100%| O|  |TAMS 0x0000000747800000, 0x0000000747800000| Untracked 
|  61|0x0000000747a00000, 0x0000000747c00000, 0x0000000747c00000|100%| O|  |TAMS 0x0000000747a00000, 0x0000000747a00000| Untracked 
|  62|0x0000000747c00000, 0x0000000747e00000, 0x0000000747e00000|100%| O|  |TAMS 0x0000000747c00000, 0x0000000747c00000| Untracked 
|  63|0x0000000747e00000, 0x0000000748000000, 0x0000000748000000|100%| O|  |TAMS 0x0000000747e00000, 0x0000000747e00000| Untracked 
|  64|0x0000000748000000, 0x0000000748200000, 0x0000000748200000|100%| O|  |TAMS 0x0000000748000000, 0x0000000748000000| Untracked 
|  65|0x0000000748200000, 0x0000000748400000, 0x0000000748400000|100%| O|  |TAMS 0x0000000748200000, 0x0000000748200000| Untracked 
|  66|0x0000000748400000, 0x0000000748600000, 0x0000000748600000|100%| O|  |TAMS 0x0000000748400000, 0x0000000748400000| Untracked 
|  67|0x0000000748600000, 0x0000000748800000, 0x0000000748800000|100%|HS|  |TAMS 0x0000000748600000, 0x0000000748600000| Complete 
|  68|0x0000000748800000, 0x0000000748a00000, 0x0000000748a00000|100%|HS|  |TAMS 0x0000000748800000, 0x0000000748800000| Complete 
|  69|0x0000000748a00000, 0x0000000748c00000, 0x0000000748c00000|100%|HS|  |TAMS 0x0000000748a00000, 0x0000000748a00000| Complete 
|  70|0x0000000748c00000, 0x0000000748e00000, 0x0000000748e00000|100%|HC|  |TAMS 0x0000000748c00000, 0x0000000748c00000| Complete 
|  71|0x0000000748e00000, 0x0000000749000000, 0x0000000749000000|100%|HC|  |TAMS 0x0000000748e00000, 0x0000000748e00000| Complete 
|  72|0x0000000749000000, 0x0000000749200000, 0x0000000749200000|100%|HC|  |TAMS 0x0000000749000000, 0x0000000749000000| Complete 
|  73|0x0000000749200000, 0x0000000749400000, 0x0000000749400000|100%|HS|  |TAMS 0x0000000749200000, 0x0000000749200000| Complete 
|  74|0x0000000749400000, 0x0000000749600000, 0x0000000749600000|100%|HC|  |TAMS 0x0000000749400000, 0x0000000749400000| Complete 
|  75|0x0000000749600000, 0x0000000749800000, 0x0000000749800000|100%|HC|  |TAMS 0x0000000749600000, 0x0000000749600000| Complete 
|  76|0x0000000749800000, 0x0000000749a00000, 0x0000000749a00000|100%|HS|  |TAMS 0x0000000749800000, 0x0000000749800000| Complete 
|  77|0x0000000749a00000, 0x0000000749c00000, 0x0000000749c00000|100%|HC|  |TAMS 0x0000000749a00000, 0x0000000749a00000| Complete 
|  78|0x0000000749c00000, 0x0000000749e00000, 0x0000000749e00000|100%|HS|  |TAMS 0x0000000749c00000, 0x0000000749c00000| Complete 
|  79|0x0000000749e00000, 0x000000074a000000, 0x000000074a000000|100%|HS|  |TAMS 0x0000000749e00000, 0x0000000749e00000| Complete 
|  80|0x000000074a000000, 0x000000074a200000, 0x000000074a200000|100%|HS|  |TAMS 0x000000074a000000, 0x000000074a000000| Complete 
|  81|0x000000074a200000, 0x000000074a400000, 0x000000074a400000|100%|HC|  |TAMS 0x000000074a200000, 0x000000074a200000| Complete 
|  82|0x000000074a400000, 0x000000074a600000, 0x000000074a600000|100%|HC|  |TAMS 0x000000074a400000, 0x000000074a400000| Complete 
|  83|0x000000074a600000, 0x000000074a800000, 0x000000074a800000|100%|HC|  |TAMS 0x000000074a600000, 0x000000074a600000| Complete 
|  84|0x000000074a800000, 0x000000074aa00000, 0x000000074aa00000|100%|HS|  |TAMS 0x000000074a800000, 0x000000074a800000| Complete 
|  85|0x000000074aa00000, 0x000000074ac00000, 0x000000074ac00000|100%|HC|  |TAMS 0x000000074aa00000, 0x000000074aa00000| Complete 
|  86|0x000000074ac00000, 0x000000074ae00000, 0x000000074ae00000|100%|HC|  |TAMS 0x000000074ac00000, 0x000000074ac00000| Complete 
|  87|0x000000074ae00000, 0x000000074b000000, 0x000000074b000000|100%|HS|  |TAMS 0x000000074ae00000, 0x000000074ae00000| Complete 
|  88|0x000000074b000000, 0x000000074b200000, 0x000000074b200000|100%|HC|  |TAMS 0x000000074b000000, 0x000000074b000000| Complete 
|  89|0x000000074b200000, 0x000000074b400000, 0x000000074b400000|100%|HS|  |TAMS 0x000000074b200000, 0x000000074b200000| Complete 
|  90|0x000000074b400000, 0x000000074b600000, 0x000000074b600000|100%|HS|  |TAMS 0x000000074b400000, 0x000000074b400000| Complete 
|  91|0x000000074b600000, 0x000000074b600000, 0x000000074b800000|  0%| F|  |TAMS 0x000000074b600000, 0x000000074b600000| Untracked 
|  92|0x000000074b800000, 0x000000074b800000, 0x000000074ba00000|  0%| F|  |TAMS 0x000000074b800000, 0x000000074b800000| Untracked 
|  93|0x000000074ba00000, 0x000000074ba00000, 0x000000074bc00000|  0%| F|  |TAMS 0x000000074ba00000, 0x000000074ba00000| Untracked 
|  94|0x000000074bc00000, 0x000000074bc00000, 0x000000074be00000|  0%| F|  |TAMS 0x000000074bc00000, 0x000000074bc00000| Untracked 
|  95|0x000000074be00000, 0x000000074be00000, 0x000000074c000000|  0%| F|  |TAMS 0x000000074be00000, 0x000000074be00000| Untracked 
|  96|0x000000074c000000, 0x000000074c000000, 0x000000074c200000|  0%| F|  |TAMS 0x000000074c000000, 0x000000074c000000| Untracked 
|  97|0x000000074c200000, 0x000000074c200000, 0x000000074c400000|  0%| F|  |TAMS 0x000000074c200000, 0x000000074c200000| Untracked 
|  98|0x000000074c400000, 0x000000074c400000, 0x000000074c600000|  0%| F|  |TAMS 0x000000074c400000, 0x000000074c400000| Untracked 
|  99|0x000000074c600000, 0x000000074c600000, 0x000000074c800000|  0%| F|  |TAMS 0x000000074c600000, 0x000000074c600000| Untracked 
| 100|0x000000074c800000, 0x000000074c800000, 0x000000074ca00000|  0%| F|  |TAMS 0x000000074c800000, 0x000000074c800000| Untracked 
| 101|0x000000074ca00000, 0x000000074ca00000, 0x000000074cc00000|  0%| F|  |TAMS 0x000000074ca00000, 0x000000074ca00000| Untracked 
| 102|0x000000074cc00000, 0x000000074cc00000, 0x000000074ce00000|  0%| F|  |TAMS 0x000000074cc00000, 0x000000074cc00000| Untracked 
| 103|0x000000074ce00000, 0x000000074ce00000, 0x000000074d000000|  0%| F|  |TAMS 0x000000074ce00000, 0x000000074ce00000| Untracked 
| 104|0x000000074d000000, 0x000000074d000000, 0x000000074d200000|  0%| F|  |TAMS 0x000000074d000000, 0x000000074d000000| Untracked 
| 105|0x000000074d200000, 0x000000074d200000, 0x000000074d400000|  0%| F|  |TAMS 0x000000074d200000, 0x000000074d200000| Untracked 
| 106|0x000000074d400000, 0x000000074d400000, 0x000000074d600000|  0%| F|  |TAMS 0x000000074d400000, 0x000000074d400000| Untracked 
| 107|0x000000074d600000, 0x000000074d600000, 0x000000074d800000|  0%| F|  |TAMS 0x000000074d600000, 0x000000074d600000| Untracked 
| 108|0x000000074d800000, 0x000000074d800000, 0x000000074da00000|  0%| F|  |TAMS 0x000000074d800000, 0x000000074d800000| Untracked 
| 109|0x000000074da00000, 0x000000074da00000, 0x000000074dc00000|  0%| F|  |TAMS 0x000000074da00000, 0x000000074da00000| Untracked 
| 110|0x000000074dc00000, 0x000000074dc00000, 0x000000074de00000|  0%| F|  |TAMS 0x000000074dc00000, 0x000000074dc00000| Untracked 
| 111|0x000000074de00000, 0x000000074de00000, 0x000000074e000000|  0%| F|  |TAMS 0x000000074de00000, 0x000000074de00000| Untracked 
| 112|0x000000074e000000, 0x000000074e000000, 0x000000074e200000|  0%| F|  |TAMS 0x000000074e000000, 0x000000074e000000| Untracked 
| 113|0x000000074e200000, 0x000000074e200000, 0x000000074e400000|  0%| F|  |TAMS 0x000000074e200000, 0x000000074e200000| Untracked 
| 114|0x000000074e400000, 0x000000074e400000, 0x000000074e600000|  0%| F|  |TAMS 0x000000074e400000, 0x000000074e400000| Untracked 
| 115|0x000000074e600000, 0x000000074e600000, 0x000000074e800000|  0%| F|  |TAMS 0x000000074e600000, 0x000000074e600000| Untracked 
| 116|0x000000074e800000, 0x000000074e800000, 0x000000074ea00000|  0%| F|  |TAMS 0x000000074e800000, 0x000000074e800000| Untracked 
| 117|0x000000074ea00000, 0x000000074ea00000, 0x000000074ec00000|  0%| F|  |TAMS 0x000000074ea00000, 0x000000074ea00000| Untracked 
| 118|0x000000074ec00000, 0x000000074ec00000, 0x000000074ee00000|  0%| F|  |TAMS 0x000000074ec00000, 0x000000074ec00000| Untracked 
| 119|0x000000074ee00000, 0x000000074ee00000, 0x000000074f000000|  0%| F|  |TAMS 0x000000074ee00000, 0x000000074ee00000| Untracked 
| 120|0x000000074f000000, 0x000000074f000000, 0x000000074f200000|  0%| F|  |TAMS 0x000000074f000000, 0x000000074f000000| Untracked 
| 121|0x000000074f200000, 0x000000074f200000, 0x000000074f400000|  0%| F|  |TAMS 0x000000074f200000, 0x000000074f200000| Untracked 
| 122|0x000000074f400000, 0x000000074f400000, 0x000000074f600000|  0%| F|  |TAMS 0x000000074f400000, 0x000000074f400000| Untracked 
| 123|0x000000074f600000, 0x000000074f600000, 0x000000074f800000|  0%| F|  |TAMS 0x000000074f600000, 0x000000074f600000| Untracked 
| 124|0x000000074f800000, 0x000000074f800000, 0x000000074fa00000|  0%| F|  |TAMS 0x000000074f800000, 0x000000074f800000| Untracked 
| 125|0x000000074fa00000, 0x000000074fa00000, 0x000000074fc00000|  0%| F|  |TAMS 0x000000074fa00000, 0x000000074fa00000| Untracked 
| 126|0x000000074fc00000, 0x000000074fc00000, 0x000000074fe00000|  0%| F|  |TAMS 0x000000074fc00000, 0x000000074fc00000| Untracked 
| 127|0x000000074fe00000, 0x0000000750000000, 0x0000000750000000|100%| S|CS|TAMS 0x000000074fe00000, 0x000000074fe00000| Complete 
| 128|0x0000000750000000, 0x0000000750200000, 0x0000000750200000|100%| S|CS|TAMS 0x0000000750000000, 0x0000000750000000| Complete 
| 129|0x0000000750200000, 0x0000000750400000, 0x0000000750400000|100%| S|CS|TAMS 0x0000000750200000, 0x0000000750200000| Complete 
| 130|0x0000000750400000, 0x0000000750600000, 0x0000000750600000|100%| S|CS|TAMS 0x0000000750400000, 0x0000000750400000| Complete 
| 131|0x0000000750600000, 0x0000000750800000, 0x0000000750800000|100%| S|CS|TAMS 0x0000000750600000, 0x0000000750600000| Complete 
| 132|0x0000000750800000, 0x0000000750a00000, 0x0000000750a00000|100%| S|CS|TAMS 0x0000000750800000, 0x0000000750800000| Complete 
| 133|0x0000000750a00000, 0x0000000750c00000, 0x0000000750c00000|100%| S|CS|TAMS 0x0000000750a00000, 0x0000000750a00000| Complete 
| 134|0x0000000750c00000, 0x0000000750c00000, 0x0000000750e00000|  0%| F|  |TAMS 0x0000000750c00000, 0x0000000750c00000| Untracked 
| 135|0x0000000750e00000, 0x0000000750e00000, 0x0000000751000000|  0%| F|  |TAMS 0x0000000750e00000, 0x0000000750e00000| Untracked 
| 136|0x0000000751000000, 0x0000000751000000, 0x0000000751200000|  0%| F|  |TAMS 0x0000000751000000, 0x0000000751000000| Untracked 
| 137|0x0000000751200000, 0x0000000751200000, 0x0000000751400000|  0%| F|  |TAMS 0x0000000751200000, 0x0000000751200000| Untracked 
| 138|0x0000000751400000, 0x0000000751400000, 0x0000000751600000|  0%| F|  |TAMS 0x0000000751400000, 0x0000000751400000| Untracked 
| 139|0x0000000751600000, 0x0000000751600000, 0x0000000751800000|  0%| F|  |TAMS 0x0000000751600000, 0x0000000751600000| Untracked 
| 140|0x0000000751800000, 0x0000000751800000, 0x0000000751a00000|  0%| F|  |TAMS 0x0000000751800000, 0x0000000751800000| Untracked 
| 141|0x0000000751a00000, 0x0000000751a00000, 0x0000000751c00000|  0%| F|  |TAMS 0x0000000751a00000, 0x0000000751a00000| Untracked 
| 142|0x0000000751c00000, 0x0000000751c00000, 0x0000000751e00000|  0%| F|  |TAMS 0x0000000751c00000, 0x0000000751c00000| Untracked 
| 143|0x0000000751e00000, 0x0000000751e00000, 0x0000000752000000|  0%| F|  |TAMS 0x0000000751e00000, 0x0000000751e00000| Untracked 
| 144|0x0000000752000000, 0x0000000752000000, 0x0000000752200000|  0%| F|  |TAMS 0x0000000752000000, 0x0000000752000000| Untracked 
| 145|0x0000000752200000, 0x0000000752200000, 0x0000000752400000|  0%| F|  |TAMS 0x0000000752200000, 0x0000000752200000| Untracked 
| 146|0x0000000752400000, 0x0000000752400000, 0x0000000752600000|  0%| F|  |TAMS 0x0000000752400000, 0x0000000752400000| Untracked 
| 147|0x0000000752600000, 0x0000000752600000, 0x0000000752800000|  0%| F|  |TAMS 0x0000000752600000, 0x0000000752600000| Untracked 
| 148|0x0000000752800000, 0x0000000752800000, 0x0000000752a00000|  0%| F|  |TAMS 0x0000000752800000, 0x0000000752800000| Untracked 
| 149|0x0000000752a00000, 0x0000000752a00000, 0x0000000752c00000|  0%| F|  |TAMS 0x0000000752a00000, 0x0000000752a00000| Untracked 
| 150|0x0000000752c00000, 0x0000000752c00000, 0x0000000752e00000|  0%| F|  |TAMS 0x0000000752c00000, 0x0000000752c00000| Untracked 
| 151|0x0000000752e00000, 0x0000000752e00000, 0x0000000753000000|  0%| F|  |TAMS 0x0000000752e00000, 0x0000000752e00000| Untracked 
| 152|0x0000000753000000, 0x0000000753000000, 0x0000000753200000|  0%| F|  |TAMS 0x0000000753000000, 0x0000000753000000| Untracked 
| 153|0x0000000753200000, 0x0000000753200000, 0x0000000753400000|  0%| F|  |TAMS 0x0000000753200000, 0x0000000753200000| Untracked 
| 154|0x0000000753400000, 0x0000000753400000, 0x0000000753600000|  0%| F|  |TAMS 0x0000000753400000, 0x0000000753400000| Untracked 
| 155|0x0000000753600000, 0x0000000753600000, 0x0000000753800000|  0%| F|  |TAMS 0x0000000753600000, 0x0000000753600000| Untracked 
| 156|0x0000000753800000, 0x0000000753800000, 0x0000000753a00000|  0%| F|  |TAMS 0x0000000753800000, 0x0000000753800000| Untracked 
| 157|0x0000000753a00000, 0x0000000753a00000, 0x0000000753c00000|  0%| F|  |TAMS 0x0000000753a00000, 0x0000000753a00000| Untracked 
| 158|0x0000000753c00000, 0x0000000753c00000, 0x0000000753e00000|  0%| F|  |TAMS 0x0000000753c00000, 0x0000000753c00000| Untracked 
| 159|0x0000000753e00000, 0x0000000753e00000, 0x0000000754000000|  0%| F|  |TAMS 0x0000000753e00000, 0x0000000753e00000| Untracked 
| 160|0x0000000754000000, 0x0000000754000000, 0x0000000754200000|  0%| F|  |TAMS 0x0000000754000000, 0x0000000754000000| Untracked 
| 161|0x0000000754200000, 0x0000000754200000, 0x0000000754400000|  0%| F|  |TAMS 0x0000000754200000, 0x0000000754200000| Untracked 
| 162|0x0000000754400000, 0x0000000754400000, 0x0000000754600000|  0%| F|  |TAMS 0x0000000754400000, 0x0000000754400000| Untracked 
| 163|0x0000000754600000, 0x0000000754600000, 0x0000000754800000|  0%| F|  |TAMS 0x0000000754600000, 0x0000000754600000| Untracked 
| 164|0x0000000754800000, 0x0000000754800000, 0x0000000754a00000|  0%| F|  |TAMS 0x0000000754800000, 0x0000000754800000| Untracked 
| 165|0x0000000754a00000, 0x0000000754a00000, 0x0000000754c00000|  0%| F|  |TAMS 0x0000000754a00000, 0x0000000754a00000| Untracked 
| 166|0x0000000754c00000, 0x0000000754c00000, 0x0000000754e00000|  0%| F|  |TAMS 0x0000000754c00000, 0x0000000754c00000| Untracked 
| 167|0x0000000754e00000, 0x0000000754e00000, 0x0000000755000000|  0%| F|  |TAMS 0x0000000754e00000, 0x0000000754e00000| Untracked 
| 168|0x0000000755000000, 0x0000000755000000, 0x0000000755200000|  0%| F|  |TAMS 0x0000000755000000, 0x0000000755000000| Untracked 
| 169|0x0000000755200000, 0x0000000755200000, 0x0000000755400000|  0%| F|  |TAMS 0x0000000755200000, 0x0000000755200000| Untracked 
| 170|0x0000000755400000, 0x0000000755400000, 0x0000000755600000|  0%| F|  |TAMS 0x0000000755400000, 0x0000000755400000| Untracked 
| 171|0x0000000755600000, 0x0000000755600000, 0x0000000755800000|  0%| F|  |TAMS 0x0000000755600000, 0x0000000755600000| Untracked 
| 172|0x0000000755800000, 0x0000000755800000, 0x0000000755a00000|  0%| F|  |TAMS 0x0000000755800000, 0x0000000755800000| Untracked 
| 173|0x0000000755a00000, 0x0000000755a00000, 0x0000000755c00000|  0%| F|  |TAMS 0x0000000755a00000, 0x0000000755a00000| Untracked 
| 174|0x0000000755c00000, 0x0000000755c00000, 0x0000000755e00000|  0%| F|  |TAMS 0x0000000755c00000, 0x0000000755c00000| Untracked 
| 175|0x0000000755e00000, 0x0000000755e00000, 0x0000000756000000|  0%| F|  |TAMS 0x0000000755e00000, 0x0000000755e00000| Untracked 
| 176|0x0000000756000000, 0x0000000756000000, 0x0000000756200000|  0%| F|  |TAMS 0x0000000756000000, 0x0000000756000000| Untracked 
| 177|0x0000000756200000, 0x0000000756200000, 0x0000000756400000|  0%| F|  |TAMS 0x0000000756200000, 0x0000000756200000| Untracked 
| 178|0x0000000756400000, 0x0000000756400000, 0x0000000756600000|  0%| F|  |TAMS 0x0000000756400000, 0x0000000756400000| Untracked 
| 179|0x0000000756600000, 0x0000000756600000, 0x0000000756800000|  0%| F|  |TAMS 0x0000000756600000, 0x0000000756600000| Untracked 
| 180|0x0000000756800000, 0x0000000756800000, 0x0000000756a00000|  0%| F|  |TAMS 0x0000000756800000, 0x0000000756800000| Untracked 
| 181|0x0000000756a00000, 0x0000000756a00000, 0x0000000756c00000|  0%| F|  |TAMS 0x0000000756a00000, 0x0000000756a00000| Untracked 
| 182|0x0000000756c00000, 0x0000000756c00000, 0x0000000756e00000|  0%| F|  |TAMS 0x0000000756c00000, 0x0000000756c00000| Untracked 
| 183|0x0000000756e00000, 0x0000000756e00000, 0x0000000757000000|  0%| F|  |TAMS 0x0000000756e00000, 0x0000000756e00000| Untracked 
| 184|0x0000000757000000, 0x0000000757000000, 0x0000000757200000|  0%| F|  |TAMS 0x0000000757000000, 0x0000000757000000| Untracked 
| 185|0x0000000757200000, 0x0000000757200000, 0x0000000757400000|  0%| F|  |TAMS 0x0000000757200000, 0x0000000757200000| Untracked 
| 186|0x0000000757400000, 0x0000000757400000, 0x0000000757600000|  0%| F|  |TAMS 0x0000000757400000, 0x0000000757400000| Untracked 
| 187|0x0000000757600000, 0x0000000757600000, 0x0000000757800000|  0%| F|  |TAMS 0x0000000757600000, 0x0000000757600000| Untracked 
| 188|0x0000000757800000, 0x0000000757800000, 0x0000000757a00000|  0%| F|  |TAMS 0x0000000757800000, 0x0000000757800000| Untracked 
| 189|0x0000000757a00000, 0x0000000757a00000, 0x0000000757c00000|  0%| F|  |TAMS 0x0000000757a00000, 0x0000000757a00000| Untracked 
| 190|0x0000000757c00000, 0x0000000757c00000, 0x0000000757e00000|  0%| F|  |TAMS 0x0000000757c00000, 0x0000000757c00000| Untracked 
| 191|0x0000000757e00000, 0x0000000757e00000, 0x0000000758000000|  0%| F|  |TAMS 0x0000000757e00000, 0x0000000757e00000| Untracked 
| 192|0x0000000758000000, 0x0000000758000000, 0x0000000758200000|  0%| F|  |TAMS 0x0000000758000000, 0x0000000758000000| Untracked 
| 193|0x0000000758200000, 0x0000000758200000, 0x0000000758400000|  0%| F|  |TAMS 0x0000000758200000, 0x0000000758200000| Untracked 
| 194|0x0000000758400000, 0x0000000758400000, 0x0000000758600000|  0%| F|  |TAMS 0x0000000758400000, 0x0000000758400000| Untracked 
| 195|0x0000000758600000, 0x0000000758600000, 0x0000000758800000|  0%| F|  |TAMS 0x0000000758600000, 0x0000000758600000| Untracked 
| 196|0x0000000758800000, 0x0000000758800000, 0x0000000758a00000|  0%| F|  |TAMS 0x0000000758800000, 0x0000000758800000| Untracked 
| 197|0x0000000758a00000, 0x0000000758a00000, 0x0000000758c00000|  0%| F|  |TAMS 0x0000000758a00000, 0x0000000758a00000| Untracked 
| 198|0x0000000758c00000, 0x0000000758c00000, 0x0000000758e00000|  0%| F|  |TAMS 0x0000000758c00000, 0x0000000758c00000| Untracked 
| 199|0x0000000758e00000, 0x0000000758e00000, 0x0000000759000000|  0%| F|  |TAMS 0x0000000758e00000, 0x0000000758e00000| Untracked 
| 200|0x0000000759000000, 0x0000000759000000, 0x0000000759200000|  0%| F|  |TAMS 0x0000000759000000, 0x0000000759000000| Untracked 
| 201|0x0000000759200000, 0x0000000759200000, 0x0000000759400000|  0%| F|  |TAMS 0x0000000759200000, 0x0000000759200000| Untracked 
| 202|0x0000000759400000, 0x0000000759400000, 0x0000000759600000|  0%| F|  |TAMS 0x0000000759400000, 0x0000000759400000| Untracked 
| 203|0x0000000759600000, 0x0000000759600000, 0x0000000759800000|  0%| F|  |TAMS 0x0000000759600000, 0x0000000759600000| Untracked 
| 204|0x0000000759800000, 0x0000000759800000, 0x0000000759a00000|  0%| F|  |TAMS 0x0000000759800000, 0x0000000759800000| Untracked 
| 205|0x0000000759a00000, 0x0000000759a00000, 0x0000000759c00000|  0%| F|  |TAMS 0x0000000759a00000, 0x0000000759a00000| Untracked 
| 206|0x0000000759c00000, 0x0000000759c00000, 0x0000000759e00000|  0%| F|  |TAMS 0x0000000759c00000, 0x0000000759c00000| Untracked 
| 207|0x0000000759e00000, 0x0000000759e00000, 0x000000075a000000|  0%| F|  |TAMS 0x0000000759e00000, 0x0000000759e00000| Untracked 
| 208|0x000000075a000000, 0x000000075a000000, 0x000000075a200000|  0%| F|  |TAMS 0x000000075a000000, 0x000000075a000000| Untracked 
| 209|0x000000075a200000, 0x000000075a200000, 0x000000075a400000|  0%| F|  |TAMS 0x000000075a200000, 0x000000075a200000| Untracked 
| 210|0x000000075a400000, 0x000000075a400000, 0x000000075a600000|  0%| F|  |TAMS 0x000000075a400000, 0x000000075a400000| Untracked 
| 211|0x000000075a600000, 0x000000075a600000, 0x000000075a800000|  0%| F|  |TAMS 0x000000075a600000, 0x000000075a600000| Untracked 
| 212|0x000000075a800000, 0x000000075a800000, 0x000000075aa00000|  0%| F|  |TAMS 0x000000075a800000, 0x000000075a800000| Untracked 
| 213|0x000000075aa00000, 0x000000075aa00000, 0x000000075ac00000|  0%| F|  |TAMS 0x000000075aa00000, 0x000000075aa00000| Untracked 
| 214|0x000000075ac00000, 0x000000075ac00000, 0x000000075ae00000|  0%| F|  |TAMS 0x000000075ac00000, 0x000000075ac00000| Untracked 
| 215|0x000000075ae00000, 0x000000075ae00000, 0x000000075b000000|  0%| F|  |TAMS 0x000000075ae00000, 0x000000075ae00000| Untracked 
| 216|0x000000075b000000, 0x000000075b1fb0e0, 0x000000075b200000| 99%| E|  |TAMS 0x000000075b000000, 0x000000075b000000| Complete 
| 217|0x000000075b200000, 0x000000075b400000, 0x000000075b400000|100%| E|CS|TAMS 0x000000075b200000, 0x000000075b200000| Complete 
| 218|0x000000075b400000, 0x000000075b600000, 0x000000075b600000|100%| E|CS|TAMS 0x000000075b400000, 0x000000075b400000| Complete 
| 219|0x000000075b600000, 0x000000075b800000, 0x000000075b800000|100%| E|CS|TAMS 0x000000075b600000, 0x000000075b600000| Complete 
| 220|0x000000075b800000, 0x000000075ba00000, 0x000000075ba00000|100%| E|CS|TAMS 0x000000075b800000, 0x000000075b800000| Complete 
| 221|0x000000075ba00000, 0x000000075bc00000, 0x000000075bc00000|100%| E|  |TAMS 0x000000075ba00000, 0x000000075ba00000| Complete 
| 222|0x000000075bc00000, 0x000000075be00000, 0x000000075be00000|100%| E|CS|TAMS 0x000000075bc00000, 0x000000075bc00000| Complete 
| 223|0x000000075be00000, 0x000000075c000000, 0x000000075c000000|100%| E|CS|TAMS 0x000000075be00000, 0x000000075be00000| Complete 
| 224|0x000000075c000000, 0x000000075c200000, 0x000000075c200000|100%| E|CS|TAMS 0x000000075c000000, 0x000000075c000000| Complete 
| 225|0x000000075c200000, 0x000000075c400000, 0x000000075c400000|100%| E|CS|TAMS 0x000000075c200000, 0x000000075c200000| Complete 
| 226|0x000000075c400000, 0x000000075c600000, 0x000000075c600000|100%| E|CS|TAMS 0x000000075c400000, 0x000000075c400000| Complete 
| 227|0x000000075c600000, 0x000000075c800000, 0x000000075c800000|100%| E|CS|TAMS 0x000000075c600000, 0x000000075c600000| Complete 
| 228|0x000000075c800000, 0x000000075ca00000, 0x000000075ca00000|100%| E|CS|TAMS 0x000000075c800000, 0x000000075c800000| Complete 
| 229|0x000000075ca00000, 0x000000075cc00000, 0x000000075cc00000|100%| E|CS|TAMS 0x000000075ca00000, 0x000000075ca00000| Complete 
| 230|0x000000075cc00000, 0x000000075ce00000, 0x000000075ce00000|100%| E|CS|TAMS 0x000000075cc00000, 0x000000075cc00000| Complete 
| 231|0x000000075ce00000, 0x000000075d000000, 0x000000075d000000|100%| E|CS|TAMS 0x000000075ce00000, 0x000000075ce00000| Complete 
| 232|0x000000075d000000, 0x000000075d200000, 0x000000075d200000|100%| E|CS|TAMS 0x000000075d000000, 0x000000075d000000| Complete 
| 233|0x000000075d200000, 0x000000075d400000, 0x000000075d400000|100%| E|CS|TAMS 0x000000075d200000, 0x000000075d200000| Complete 

Card table byte_map: [0x00000149b2790000,0x00000149b2d90000] _byte_map_base: 0x00000149aed90000

Marking Bits (Prev, Next): (CMBitMap*) 0x000001499b65bd00, (CMBitMap*) 0x000001499b65bcc0
 Prev Bits: [0x00000149b6390000, 0x00000149b9390000)
 Next Bits: [0x00000149b3390000, 0x00000149b6390000)

Polling page: 0x0000014999430000

Metaspace:

Usage:
  Non-class:     69.10 MB used.
      Class:     10.80 MB used.
       Both:     79.90 MB used.

Virtual space:
  Non-class space:       72.00 MB reserved,      69.50 MB ( 97%) committed,  9 nodes.
      Class space:        1.00 GB reserved,      11.12 MB (  1%) committed,  1 nodes.
             Both:        1.07 GB reserved,      80.62 MB (  7%) committed. 

Chunk freelists:
   Non-Class:  1.58 MB
       Class:  844.00 KB
        Both:  2.40 MB

MaxMetaspaceSize: unlimited
CompressedClassSpaceSize: 1.00 GB
Initial GC threshold: 21.00 MB
Current GC threshold: 101.69 MB
CDS: on
MetaspaceReclaimPolicy: balanced
 - commit_granule_bytes: 65536.
 - commit_granule_words: 8192.
 - virtual_space_node_default_size: 1048576.
 - enlarge_chunks_in_place: 1.
 - new_chunks_are_fully_committed: 0.
 - uncommit_free_chunks: 1.
 - use_allocation_guard: 0.
 - handle_deallocations: 1.


Internal statistics:

num_allocs_failed_limit: 6.
num_arena_births: 846.
num_arena_deaths: 0.
num_vsnodes_births: 10.
num_vsnodes_deaths: 0.
num_space_committed: 1290.
num_space_uncommitted: 0.
num_chunks_returned_to_freelist: 6.
num_chunks_taken_from_freelist: 4038.
num_chunk_merges: 6.
num_chunk_splits: 2630.
num_chunks_enlarged: 1726.
num_purges: 0.
num_inconsistent_stats: 0.

CodeHeap 'non-profiled nmethods': size=120000Kb used=6874Kb max_used=6878Kb free=113125Kb
 bounds [0x00000149aa930000, 0x00000149aaff0000, 0x00000149b1e60000]
CodeHeap 'profiled nmethods': size=120000Kb used=23948Kb max_used=23960Kb free=96051Kb
 bounds [0x00000149a3400000, 0x00000149a4b70000, 0x00000149aa930000]
CodeHeap 'non-nmethods': size=5760Kb used=2397Kb max_used=2463Kb free=3363Kb
 bounds [0x00000149a2e60000, 0x00000149a30d0000, 0x00000149a3400000]
 total_blobs=12872 nmethods=11950 adapters=832
 compilation: enabled
              stopped_count=0, restarted_count=0
 full_count=0

Compilation events (20 events):
Event: 96.657 Thread 0x00000149bbd5b4e0 nmethod 14513 0x00000149aaeee910 code [0x00000149aaeeeaa0, 0x00000149aaeeeeb8]
Event: 97.835 Thread 0x00000149bbd5b4e0 14514       4       org.gradle.internal.event.BroadcastDispatch$SingletonDispatch::dispatch (9 bytes)
Event: 97.837 Thread 0x00000149bbd5b4e0 nmethod 14514 0x00000149aaeee490 code [0x00000149aaeee620, 0x00000149aaeee778]
Event: 98.452 Thread 0x00000149bbd5b4e0 14515       4       org.gradle.internal.dispatch.ReflectionDispatch::dispatch (9 bytes)
Event: 98.465 Thread 0x00000149bbd5b4e0 nmethod 14515 0x00000149aaf2cb10 code [0x00000149aaf2cce0, 0x00000149aaf2d250]
Event: 98.597 Thread 0x00000149bbd5b4e0 14516   !   4       jdk.internal.reflect.GeneratedMethodAccessor1::invoke (68 bytes)
Event: 98.598 Thread 0x00000149bbd5b4e0 nmethod 14516 0x00000149aaeedf90 code [0x00000149aaeee120, 0x00000149aaeee2d8]
Event: 99.221 Thread 0x00000149bbd5b4e0 14517       4       com.esotericsoftware.kryo.io.Output::writeInt (81 bytes)
Event: 99.229 Thread 0x00000149bbd5b4e0 nmethod 14517 0x00000149aaf2c190 code [0x00000149aaf2c320, 0x00000149aaf2c908]
Event: 100.177 Thread 0x00000149bbd5b4e0 14518       4       java.util.Optional::isPresent (13 bytes)
Event: 100.178 Thread 0x00000149bbd5b4e0 nmethod 14518 0x00000149aaeedb90 code [0x00000149aaeedd00, 0x00000149aaeedd98]
Event: 101.033 Thread 0x00000149bbd5b4e0 14519   !   4       java.util.concurrent.LinkedBlockingQueue::poll (128 bytes)
Event: 101.068 Thread 0x00000149bbd5b4e0 nmethod 14519 0x00000149aaf2a010 code [0x00000149aaf2a260, 0x00000149aaf2b5c0]
Event: 101.069 Thread 0x00000149bbd5b4e0 14520       4       org.gradle.launcher.daemon.server.exec.DaemonConnectionBackedEventConsumer$ForwardEvents::moreMessagesToSend (35 bytes)
Event: 101.069 Thread 0x00000149bbd5b4e0 nmethod 14520 0x00000149aaf29d10 code [0x00000149aaf29e80, 0x00000149aaf29f38]
Event: 102.174 Thread 0x00000149bbd5b4e0 14521       4       java.util.HashMap$HashMapSpliterator::getFence (53 bytes)
Event: 102.175 Thread 0x00000149bbd5b4e0 nmethod 14521 0x00000149aaf29a10 code [0x00000149aaf29b80, 0x00000149aaf29c38]
Event: 102.177 Thread 0x00000149bbd5b4e0 14522       4       javax.management.ObjectName::construct (1135 bytes)
Event: 102.177 Thread 0x00000149bbd5dea0 14523   !   3       java.util.concurrent.ThreadPoolExecutor::getTask (177 bytes)
Event: 102.178 Thread 0x00000149bbd5dea0 nmethod 14523 0x00000149a4846110 code [0x00000149a48463a0, 0x00000149a4847298]

GC Heap History (20 events):
Event: 24.351 GC heap before
{Heap before GC invocations=35 (full 0):
 garbage-first heap   total 143360K, used 84193K [0x0000000740000000, 0x0000000800000000)
  region size 2048K, 4 young (8192K), 2 survivors (4096K)
 Metaspace       used 62187K, committed 62784K, reserved 1105920K
  class space    used 8612K, committed 8896K, reserved 1048576K
}
Event: 24.355 GC heap after
{Heap after GC invocations=36 (full 0):
 garbage-first heap   total 143360K, used 59553K [0x0000000740000000, 0x0000000800000000)
  region size 2048K, 2 young (4096K), 2 survivors (4096K)
 Metaspace       used 62187K, committed 62784K, reserved 1105920K
  class space    used 8612K, committed 8896K, reserved 1048576K
}
Event: 25.292 GC heap before
{Heap before GC invocations=36 (full 0):
 garbage-first heap   total 143360K, used 123041K [0x0000000740000000, 0x0000000800000000)
  region size 2048K, 30 young (61440K), 2 survivors (4096K)
 Metaspace       used 64207K, committed 64960K, reserved 1105920K
  class space    used 8947K, committed 9280K, reserved 1048576K
}
Event: 25.302 GC heap after
{Heap after GC invocations=37 (full 0):
 garbage-first heap   total 282624K, used 64630K [0x0000000740000000, 0x0000000800000000)
  region size 2048K, 4 young (8192K), 4 survivors (8192K)
 Metaspace       used 64207K, committed 64960K, reserved 1105920K
  class space    used 8947K, committed 9280K, reserved 1048576K
}
Event: 26.336 GC heap before
{Heap before GC invocations=37 (full 0):
 garbage-first heap   total 282624K, used 156790K [0x0000000740000000, 0x0000000800000000)
  region size 2048K, 18 young (36864K), 4 survivors (8192K)
 Metaspace       used 66047K, committed 66688K, reserved 1114112K
  class space    used 9299K, committed 9600K, reserved 1048576K
}
Event: 26.353 GC heap after
{Heap after GC invocations=38 (full 0):
 garbage-first heap   total 282624K, used 66464K [0x0000000740000000, 0x0000000800000000)
  region size 2048K, 5 young (10240K), 5 survivors (10240K)
 Metaspace       used 66047K, committed 66688K, reserved 1114112K
  class space    used 9299K, committed 9600K, reserved 1048576K
}
Event: 26.837 GC heap before
{Heap before GC invocations=38 (full 0):
 garbage-first heap   total 282624K, used 119712K [0x0000000740000000, 0x0000000800000000)
  region size 2048K, 11 young (22528K), 5 survivors (10240K)
 Metaspace       used 66183K, committed 66880K, reserved 1114112K
  class space    used 9299K, committed 9600K, reserved 1048576K
}
Event: 26.849 GC heap after
{Heap after GC invocations=39 (full 0):
 garbage-first heap   total 282624K, used 67558K [0x0000000740000000, 0x0000000800000000)
  region size 2048K, 6 young (12288K), 6 survivors (12288K)
 Metaspace       used 66183K, committed 66880K, reserved 1114112K
  class space    used 9299K, committed 9600K, reserved 1048576K
}
Event: 26.924 GC heap before
{Heap before GC invocations=39 (full 0):
 garbage-first heap   total 282624K, used 128998K [0x0000000740000000, 0x0000000800000000)
  region size 2048K, 11 young (22528K), 6 survivors (12288K)
 Metaspace       used 66184K, committed 66880K, reserved 1114112K
  class space    used 9299K, committed 9600K, reserved 1048576K
}
Event: 26.935 GC heap after
{Heap after GC invocations=40 (full 0):
 garbage-first heap   total 282624K, used 121065K [0x0000000740000000, 0x0000000800000000)
  region size 2048K, 6 young (12288K), 6 survivors (12288K)
 Metaspace       used 66184K, committed 66880K, reserved 1114112K
  class space    used 9299K, committed 9600K, reserved 1048576K
}
Event: 27.033 GC heap before
{Heap before GC invocations=40 (full 0):
 garbage-first heap   total 282624K, used 139497K [0x0000000740000000, 0x0000000800000000)
  region size 2048K, 9 young (18432K), 6 survivors (12288K)
 Metaspace       used 66188K, committed 66880K, reserved 1114112K
  class space    used 9299K, committed 9600K, reserved 1048576K
}
Event: 27.043 GC heap after
{Heap after GC invocations=41 (full 0):
 garbage-first heap   total 282624K, used 122790K [0x0000000740000000, 0x0000000800000000)
  region size 2048K, 4 young (8192K), 4 survivors (8192K)
 Metaspace       used 66188K, committed 66880K, reserved 1114112K
  class space    used 9299K, committed 9600K, reserved 1048576K
}
Event: 30.847 GC heap before
{Heap before GC invocations=41 (full 0):
 garbage-first heap   total 282624K, used 241574K [0x0000000740000000, 0x0000000800000000)
  region size 2048K, 60 young (122880K), 4 survivors (8192K)
 Metaspace       used 68646K, committed 69440K, reserved 1114112K
  class space    used 9652K, committed 10048K, reserved 1048576K
}
Event: 30.947 GC heap after
{Heap after GC invocations=42 (full 0):
 garbage-first heap   total 479232K, used 87479K [0x0000000740000000, 0x0000000800000000)
  region size 2048K, 8 young (16384K), 8 survivors (16384K)
 Metaspace       used 68646K, committed 69440K, reserved 1114112K
  class space    used 9652K, committed 10048K, reserved 1048576K
}
Event: 38.254 GC heap before
{Heap before GC invocations=42 (full 0):
 garbage-first heap   total 479232K, used 370103K [0x0000000740000000, 0x0000000800000000)
  region size 2048K, 140 young (286720K), 8 survivors (16384K)
 Metaspace       used 77747K, committed 78464K, reserved 1122304K
  class space    used 10676K, committed 11008K, reserved 1048576K
}
Event: 38.488 GC heap after
{Heap after GC invocations=43 (full 0):
 garbage-first heap   total 479232K, used 134219K [0x0000000740000000, 0x0000000800000000)
  region size 2048K, 18 young (36864K), 18 survivors (36864K)
 Metaspace       used 77747K, committed 78464K, reserved 1122304K
  class space    used 10676K, committed 11008K, reserved 1048576K
}
Event: 39.010 GC heap before
{Heap before GC invocations=43 (full 0):
 garbage-first heap   total 479232K, used 142411K [0x0000000740000000, 0x0000000800000000)
  region size 2048K, 22 young (45056K), 18 survivors (36864K)
 Metaspace       used 78716K, committed 79488K, reserved 1122304K
  class space    used 10831K, committed 11200K, reserved 1048576K
}
Event: 39.068 GC heap after
{Heap after GC invocations=44 (full 0):
 garbage-first heap   total 479232K, used 140379K [0x0000000740000000, 0x0000000800000000)
  region size 2048K, 3 young (6144K), 3 survivors (6144K)
 Metaspace       used 78716K, committed 79488K, reserved 1122304K
  class space    used 10831K, committed 11200K, reserved 1048576K
}
Event: 44.748 GC heap before
{Heap before GC invocations=44 (full 0):
 garbage-first heap   total 479232K, used 336987K [0x0000000740000000, 0x0000000800000000)
  region size 2048K, 100 young (204800K), 3 survivors (6144K)
 Metaspace       used 81132K, committed 81856K, reserved 1122304K
  class space    used 11010K, committed 11328K, reserved 1048576K
}
Event: 44.778 GC heap after
{Heap after GC invocations=45 (full 0):
 garbage-first heap   total 479232K, used 149957K [0x0000000740000000, 0x0000000800000000)
  region size 2048K, 7 young (14336K), 7 survivors (14336K)
 Metaspace       used 81132K, committed 81856K, reserved 1122304K
  class space    used 11010K, committed 11328K, reserved 1048576K
}

Deoptimization events (20 events):
Event: 46.067 Thread 0x00000149be652c10 DEOPT PACKING pc=0x00000149aafa4e44 sp=0x00000040779f9780
Event: 46.067 Thread 0x00000149be652c10 DEOPT UNPACKING pc=0x00000149a2eb23a3 sp=0x00000040779f9738 mode 2
Event: 46.130 Thread 0x00000149be652c10 Uncommon trap: trap_request=0xffffffc6 fr.pc=0x00000149aacf18a4 relative=0x0000000000000064
Event: 46.130 Thread 0x00000149be652c10 Uncommon trap: reason=bimorphic_or_optimized_type_check action=maybe_recompile pc=0x00000149aacf18a4 method=com.google.common.collect.ImmutableList.copyOf(Ljava/util/Collection;)Lcom/google/common/collect/ImmutableList; @ 16 c2
Event: 46.131 Thread 0x00000149be652c10 DEOPT PACKING pc=0x00000149aacf18a4 sp=0x00000040779f94a0
Event: 46.131 Thread 0x00000149be652c10 DEOPT UNPACKING pc=0x00000149a2eb23a3 sp=0x00000040779f9448 mode 2
Event: 52.415 Thread 0x00000149c212d890 Uncommon trap: trap_request=0xffffff45 fr.pc=0x00000149aaa251f4 relative=0x0000000000000374
Event: 52.415 Thread 0x00000149c212d890 Uncommon trap: reason=unstable_if action=reinterpret pc=0x00000149aaa251f4 method=java.lang.StringCoding.implEncodeAsciiArray([CI[BII)I @ 23 c2
Event: 52.415 Thread 0x00000149c212d890 DEOPT PACKING pc=0x00000149aaa251f4 sp=0x00000040764fd490
Event: 52.415 Thread 0x00000149c212d890 DEOPT UNPACKING pc=0x00000149a2eb23a3 sp=0x00000040764fd410 mode 2
Event: 52.430 Thread 0x00000149bd958790 Uncommon trap: trap_request=0xffffff45 fr.pc=0x00000149aae6b994 relative=0x0000000000000234
Event: 52.430 Thread 0x00000149bd958790 Uncommon trap: reason=unstable_if action=reinterpret pc=0x00000149aae6b994 method=com.esotericsoftware.kryo.io.Output.writeString(Ljava/lang/CharSequence;)V @ 83 c2
Event: 52.430 Thread 0x00000149bd958790 DEOPT PACKING pc=0x00000149aae6b994 sp=0x00000040734fedf0
Event: 52.430 Thread 0x00000149bd958790 DEOPT UNPACKING pc=0x00000149a2eb23a3 sp=0x00000040734fed70 mode 2
Event: 78.696 Thread 0x00000149c212d890 DEOPT PACKING pc=0x00000149a3eee159 sp=0x00000040764fdd70
Event: 78.696 Thread 0x00000149c212d890 DEOPT UNPACKING pc=0x00000149a2eb2b43 sp=0x00000040764fd240 mode 0
Event: 89.917 Thread 0x00000149c212d890 DEOPT PACKING pc=0x00000149a4b14d03 sp=0x00000040764fd5f0
Event: 89.917 Thread 0x00000149c212d890 DEOPT UNPACKING pc=0x00000149a2eb2b43 sp=0x00000040764fca60 mode 0
Event: 91.365 Thread 0x00000149c212d890 DEOPT PACKING pc=0x00000149a4b30eae sp=0x00000040764feca0
Event: 91.365 Thread 0x00000149c212d890 DEOPT UNPACKING pc=0x00000149a2eb2b43 sp=0x00000040764fe190 mode 0

Classes unloaded (0 events):
No events

Classes redefined (0 events):
No events

Internal exceptions (20 events):
Event: 41.972 Thread 0x00000149be652740 Exception <a 'sun/nio/fs/WindowsException'{0x0000000756780bb0}> (0x0000000756780bb0) 
thrown [t:\workspace\open\src\hotspot\share\prims\jni.cpp, line 516]
Event: 41.977 Thread 0x00000149be652740 Exception <a 'sun/nio/fs/WindowsException'{0x00000007567a2b30}> (0x00000007567a2b30) 
thrown [t:\workspace\open\src\hotspot\share\prims\jni.cpp, line 516]
Event: 41.990 Thread 0x00000149be652740 Exception <a 'sun/nio/fs/WindowsException'{0x000000075642f4d0}> (0x000000075642f4d0) 
thrown [t:\workspace\open\src\hotspot\share\prims\jni.cpp, line 516]
Event: 42.000 Thread 0x00000149be652740 Exception <a 'sun/nio/fs/WindowsException'{0x0000000756484cf8}> (0x0000000756484cf8) 
thrown [t:\workspace\open\src\hotspot\share\prims\jni.cpp, line 516]
Event: 42.000 Thread 0x00000149be652740 Exception <a 'sun/nio/fs/WindowsException'{0x0000000756485ed0}> (0x0000000756485ed0) 
thrown [t:\workspace\open\src\hotspot\share\prims\jni.cpp, line 516]
Event: 42.004 Thread 0x00000149be652740 Exception <a 'sun/nio/fs/WindowsException'{0x0000000756490168}> (0x0000000756490168) 
thrown [t:\workspace\open\src\hotspot\share\prims\jni.cpp, line 516]
Event: 42.013 Thread 0x00000149be652740 Exception <a 'sun/nio/fs/WindowsException'{0x00000007564e24a8}> (0x00000007564e24a8) 
thrown [t:\workspace\open\src\hotspot\share\prims\jni.cpp, line 516]
Event: 42.017 Thread 0x00000149be652740 Exception <a 'sun/nio/fs/WindowsException'{0x00000007564f6900}> (0x00000007564f6900) 
thrown [t:\workspace\open\src\hotspot\share\prims\jni.cpp, line 516]
Event: 42.050 Thread 0x00000149be652740 Exception <a 'sun/nio/fs/WindowsException'{0x0000000756250b40}> (0x0000000756250b40) 
thrown [t:\workspace\open\src\hotspot\share\prims\jni.cpp, line 516]
Event: 42.050 Thread 0x00000149be652740 Exception <a 'sun/nio/fs/WindowsException'{0x0000000756251d10}> (0x0000000756251d10) 
thrown [t:\workspace\open\src\hotspot\share\prims\jni.cpp, line 516]
Event: 42.059 Thread 0x00000149be652740 Exception <a 'sun/nio/fs/WindowsException'{0x0000000756286578}> (0x0000000756286578) 
thrown [t:\workspace\open\src\hotspot\share\prims\jni.cpp, line 516]
Event: 42.077 Thread 0x00000149be652740 Exception <a 'sun/nio/fs/WindowsException'{0x00000007562d9fb0}> (0x00000007562d9fb0) 
thrown [t:\workspace\open\src\hotspot\share\prims\jni.cpp, line 516]
Event: 42.523 Thread 0x00000149be652740 Implicit null exception at 0x00000149aaa7ccdc to 0x00000149aaa7cd69
Event: 42.906 Thread 0x00000149be652740 Exception <a 'java/lang/ClassNotFoundException'{0x0000000754d9f708}: com/google/common/io/FilesBeanInfo> (0x0000000754d9f708) 
thrown [t:\workspace\open\src\hotspot\share\classfile\systemDictionary.cpp, line 256]
Event: 42.906 Thread 0x00000149be652740 Exception <a 'java/lang/ClassNotFoundException'{0x0000000754da94d0}: com/google/common/io/FilesCustomizer> (0x0000000754da94d0) 
thrown [t:\workspace\open\src\hotspot\share\classfile\systemDictionary.cpp, line 256]
Event: 42.983 Thread 0x00000149bd955c40 Exception <a 'java/lang/NoSuchMethodError'{0x0000000754b9d588}: static Lorg/gradle/internal/build/event/types/DefaultJavaCompileTaskSuccessResult;.<clinit>()V> (0x0000000754b9d588) 
thrown [t:\workspace\open\src\hotspot\share\prims\jni.cpp, line 1107]
Event: 42.988 Thread 0x00000149bd955c40 Exception <a 'java/lang/NoSuchMethodError'{0x00000007548c2778}: static Lorg/gradle/internal/build/event/types/DefaultAnnotationProcessorResult;.<clinit>()V> (0x00000007548c2778) 
thrown [t:\workspace\open\src\hotspot\share\prims\jni.cpp, line 1107]
Event: 43.006 Thread 0x00000149be64fbf0 Implicit null exception at 0x00000149aadaea76 to 0x00000149aadb0c58
Event: 46.172 Thread 0x00000149be652c10 Exception <a 'java/lang/ClassNotFoundException'{0x000000075b631f88}: java/util/CollectionsBeanInfo> (0x000000075b631f88) 
thrown [t:\workspace\open\src\hotspot\share\classfile\systemDictionary.cpp, line 256]
Event: 46.173 Thread 0x00000149be652c10 Exception <a 'java/lang/ClassNotFoundException'{0x000000075b638000}: java/util/CollectionsCustomizer> (0x000000075b638000) 
thrown [t:\workspace\open\src\hotspot\share\classfile\systemDictionary.cpp, line 256]

VM Operations (20 events):
Event: 88.490 Executing VM operation: Cleanup
Event: 88.492 Executing VM operation: Cleanup done
Event: 90.498 Executing VM operation: Cleanup
Event: 90.498 Executing VM operation: Cleanup done
Event: 91.505 Executing VM operation: Cleanup
Event: 91.506 Executing VM operation: Cleanup done
Event: 92.509 Executing VM operation: Cleanup
Event: 92.509 Executing VM operation: Cleanup done
Event: 94.520 Executing VM operation: Cleanup
Event: 94.520 Executing VM operation: Cleanup done
Event: 95.231 Executing VM operation: HandshakeAllThreads
Event: 95.232 Executing VM operation: HandshakeAllThreads done
Event: 96.240 Executing VM operation: Cleanup
Event: 96.241 Executing VM operation: Cleanup done
Event: 97.250 Executing VM operation: Cleanup
Event: 97.250 Executing VM operation: Cleanup done
Event: 99.267 Executing VM operation: Cleanup
Event: 99.267 Executing VM operation: Cleanup done
Event: 101.287 Executing VM operation: Cleanup
Event: 101.287 Executing VM operation: Cleanup done

Events (20 events):
Event: 42.992 loading class java/time/Ser done
Event: 45.825 Thread 0x00000149d002a550 Thread added: 0x00000149d002a550
Event: 45.826 Thread 0x00000149d002b3c0 Thread added: 0x00000149d002b3c0
Event: 45.953 Thread 0x00000149c194e150 Thread exited: 0x00000149c194e150
Event: 46.053 Thread 0x00000149d002d0a0 Thread added: 0x00000149d002d0a0
Event: 46.169 loading class java/util/CollectionsBeanInfo
Event: 46.170 loading class java/util/CollectionsBeanInfo done
Event: 46.172 loading class java/util/CollectionsBeanInfo
Event: 46.172 loading class java/util/CollectionsBeanInfo done
Event: 46.172 loading class java/util/CollectionsCustomizer
Event: 46.172 loading class java/util/CollectionsCustomizer done
Event: 46.173 loading class java/util/CollectionsCustomizer
Event: 46.173 loading class java/util/CollectionsCustomizer done
Event: 55.387 loading class java/time/Instant$1
Event: 55.395 loading class java/time/Instant$1 done
Event: 81.980 Thread 0x00000149c2127850 Thread exited: 0x00000149c2127850
Event: 95.236 Thread 0x00000149bbd5f750 flushing nmethod 0x00000149aaeedb90
Event: 95.236 Thread 0x00000149bbd5f750 flushing nmethod 0x00000149aaf28910
Event: 95.257 Thread 0x00000149bbd5f750 flushing nmethod 0x00000149a46ee410
Event: 95.258 Thread 0x00000149bbd5f750 flushing nmethod 0x00000149a4843610


Dynamic libraries:
0x00007ff7b2af0000 - 0x00007ff7b2afe000 	C:\Users\fabir\.jdks\openjdk-17.0.2\bin\java.exe
0x00007fffd7650000 - 0x00007fffd7848000 	C:\WINDOWS\SYSTEM32\ntdll.dll
0x00007fffd63d0000 - 0x00007fffd6492000 	C:\WINDOWS\System32\KERNEL32.DLL
0x00007fffd4ee0000 - 0x00007fffd51de000 	C:\WINDOWS\System32\KERNELBASE.dll
0x00007fffd5380000 - 0x00007fffd5480000 	C:\WINDOWS\System32\ucrtbase.dll
0x00007fffce0b0000 - 0x00007fffce0ca000 	C:\Users\fabir\.jdks\openjdk-17.0.2\bin\VCRUNTIME140.dll
0x00007fffd0d80000 - 0x00007fffd0d98000 	C:\Users\fabir\.jdks\openjdk-17.0.2\bin\jli.dll
0x00007fffd65d0000 - 0x00007fffd676d000 	C:\WINDOWS\System32\USER32.dll
0x00007fffd55d0000 - 0x00007fffd55f2000 	C:\WINDOWS\System32\win32u.dll
0x00007fffd61c0000 - 0x00007fffd61eb000 	C:\WINDOWS\System32\GDI32.dll
0x00007fffd5480000 - 0x00007fffd5597000 	C:\WINDOWS\System32\gdi32full.dll
0x00007fffbd3d0000 - 0x00007fffbd66a000 	C:\WINDOWS\WinSxS\amd64_microsoft.windows.common-controls_6595b64144ccf1df_6.0.19041.4355_none_60b8b9eb71f62e16\COMCTL32.dll
0x00007fffd51e0000 - 0x00007fffd527d000 	C:\WINDOWS\System32\msvcp_win.dll
0x00007fffd6120000 - 0x00007fffd61be000 	C:\WINDOWS\System32\msvcrt.dll
0x00007fffd5960000 - 0x00007fffd598f000 	C:\WINDOWS\System32\IMM32.DLL
0x00007fffc1210000 - 0x00007fffc121c000 	C:\Users\fabir\.jdks\openjdk-17.0.2\bin\vcruntime140_1.dll
0x00007fffaea00000 - 0x00007fffaea8d000 	C:\Users\fabir\.jdks\openjdk-17.0.2\bin\msvcp140.dll
0x00007fff98350000 - 0x00007fff98f11000 	C:\Users\fabir\.jdks\openjdk-17.0.2\bin\server\jvm.dll
0x00007fffd62a0000 - 0x00007fffd6351000 	C:\WINDOWS\System32\ADVAPI32.dll
0x00007fffd6800000 - 0x00007fffd689f000 	C:\WINDOWS\System32\sechost.dll
0x00007fffd5f20000 - 0x00007fffd6043000 	C:\WINDOWS\System32\RPCRT4.dll
0x00007fffd55a0000 - 0x00007fffd55c7000 	C:\WINDOWS\System32\bcrypt.dll
0x00007fffd58e0000 - 0x00007fffd58e8000 	C:\WINDOWS\System32\PSAPI.DLL
0x00007fffc0820000 - 0x00007fffc0829000 	C:\WINDOWS\SYSTEM32\WSOCK32.dll
0x00007fffca640000 - 0x00007fffca667000 	C:\WINDOWS\SYSTEM32\WINMM.dll
0x00007fffd6360000 - 0x00007fffd63cb000 	C:\WINDOWS\System32\WS2_32.dll
0x00007fffcd0d0000 - 0x00007fffcd0da000 	C:\WINDOWS\SYSTEM32\VERSION.dll
0x00007fffd3560000 - 0x00007fffd3572000 	C:\WINDOWS\SYSTEM32\kernel.appcore.dll
0x00007fffc0810000 - 0x00007fffc081a000 	C:\Users\fabir\.jdks\openjdk-17.0.2\bin\jimage.dll
0x00007fffd2d70000 - 0x00007fffd2f54000 	C:\WINDOWS\SYSTEM32\DBGHELP.DLL
0x00007fffc5840000 - 0x00007fffc5874000 	C:\WINDOWS\SYSTEM32\dbgcore.DLL
0x00007fffd4e50000 - 0x00007fffd4ed2000 	C:\WINDOWS\System32\bcryptPrimitives.dll
0x00007fffc0800000 - 0x00007fffc080e000 	C:\Users\fabir\.jdks\openjdk-17.0.2\bin\instrument.dll
0x00007fffc07d0000 - 0x00007fffc07f5000 	C:\Users\fabir\.jdks\openjdk-17.0.2\bin\java.dll
0x00007fffacb80000 - 0x00007fffacc56000 	C:\Users\fabir\.jdks\openjdk-17.0.2\bin\jsvml.dll
0x00007fffd68a0000 - 0x00007fffd700d000 	C:\WINDOWS\System32\SHELL32.dll
0x00007fffd24f0000 - 0x00007fffd2c94000 	C:\WINDOWS\SYSTEM32\windows.storage.dll
0x00007fffd72b0000 - 0x00007fffd7603000 	C:\WINDOWS\System32\combase.dll
0x00007fffd4650000 - 0x00007fffd467e000 	C:\WINDOWS\SYSTEM32\Wldp.dll
0x00007fffd6050000 - 0x00007fffd611d000 	C:\WINDOWS\System32\OLEAUT32.dll
0x00007fffd61f0000 - 0x00007fffd629d000 	C:\WINDOWS\System32\SHCORE.dll
0x00007fffd5880000 - 0x00007fffd58d5000 	C:\WINDOWS\System32\shlwapi.dll
0x00007fffd4c20000 - 0x00007fffd4c44000 	C:\WINDOWS\SYSTEM32\profapi.dll
0x00007fffc07b0000 - 0x00007fffc07c8000 	C:\Users\fabir\.jdks\openjdk-17.0.2\bin\zip.dll
0x00007fffbea40000 - 0x00007fffbea59000 	C:\Users\fabir\.jdks\openjdk-17.0.2\bin\net.dll
0x00007fffcca80000 - 0x00007fffccb8d000 	C:\WINDOWS\SYSTEM32\WINHTTP.dll
0x00007fffd43b0000 - 0x00007fffd441a000 	C:\WINDOWS\system32\mswsock.dll
0x00007fffbe6f0000 - 0x00007fffbe706000 	C:\Users\fabir\.jdks\openjdk-17.0.2\bin\nio.dll
0x00007fffc0720000 - 0x00007fffc0730000 	C:\Users\fabir\.jdks\openjdk-17.0.2\bin\verify.dll
0x00007fffd0d30000 - 0x00007fffd0d57000 	C:\Users\fabir\.gradle\native\c067742578af261105cb4f569cf0c3c89f3d7b1fecec35dd04571415982c5e48\windows-amd64\native-platform.dll
0x00007fffad680000 - 0x00007fffad7c4000 	C:\Users\fabir\.gradle\native\38dada09dfb8b06ba9b0570ebf7e218e3eb74d4ef43ca46872605cf95ebc2f47\windows-amd64\native-platform-file-events.dll
0x00007fffbf900000 - 0x00007fffbf909000 	C:\Users\fabir\.jdks\openjdk-17.0.2\bin\management.dll
0x00007fffbecd0000 - 0x00007fffbecdb000 	C:\Users\fabir\.jdks\openjdk-17.0.2\bin\management_ext.dll
0x00007fffd45a0000 - 0x00007fffd45b8000 	C:\WINDOWS\SYSTEM32\CRYPTSP.dll
0x00007fffd3cd0000 - 0x00007fffd3d04000 	C:\WINDOWS\system32\rsaenh.dll
0x00007fffd4ba0000 - 0x00007fffd4bce000 	C:\WINDOWS\SYSTEM32\USERENV.dll
0x00007fffd45c0000 - 0x00007fffd45cc000 	C:\WINDOWS\SYSTEM32\CRYPTBASE.dll
0x00007fffd4090000 - 0x00007fffd40cb000 	C:\WINDOWS\SYSTEM32\IPHLPAPI.DLL
0x00007fffd6770000 - 0x00007fffd6778000 	C:\WINDOWS\System32\NSI.dll
0x00007fffcd410000 - 0x00007fffcd427000 	C:\WINDOWS\SYSTEM32\dhcpcsvc6.DLL
0x00007fffcdec0000 - 0x00007fffcdedd000 	C:\WINDOWS\SYSTEM32\dhcpcsvc.DLL
0x00007fffd40d0000 - 0x00007fffd419a000 	C:\WINDOWS\SYSTEM32\DNSAPI.dll
0x00007fffbeb50000 - 0x00007fffbeb5e000 	C:\Users\fabir\.jdks\openjdk-17.0.2\bin\sunmscapi.dll
0x00007fffd4cf0000 - 0x00007fffd4e4c000 	C:\WINDOWS\System32\CRYPT32.dll
0x00007fffd46c0000 - 0x00007fffd46e7000 	C:\WINDOWS\SYSTEM32\ncrypt.dll
0x00007fffd4680000 - 0x00007fffd46bb000 	C:\WINDOWS\SYSTEM32\NTASN1.dll
0x00007fffb1ee0000 - 0x00007fffb1ee7000 	C:\WINDOWS\system32\wshunix.dll
0x00007fffc7950000 - 0x00007fffc795a000 	C:\Windows\System32\rasadhlp.dll
0x00007fffc79d0000 - 0x00007fffc7a50000 	C:\WINDOWS\System32\fwpuclnt.dll

dbghelp: loaded successfully - version: 4.0.5 - missing functions: none
symbol engine: initialized successfully - sym options: 0x614 - pdb path: .;C:\Users\fabir\.jdks\openjdk-17.0.2\bin;C:\WINDOWS\SYSTEM32;C:\WINDOWS\WinSxS\amd64_microsoft.windows.common-controls_6595b64144ccf1df_6.0.19041.4355_none_60b8b9eb71f62e16;C:\Users\fabir\.jdks\openjdk-17.0.2\bin\server;C:\Users\fabir\.gradle\native\c067742578af261105cb4f569cf0c3c89f3d7b1fecec35dd04571415982c5e48\windows-amd64;C:\Users\fabir\.gradle\native\38dada09dfb8b06ba9b0570ebf7e218e3eb74d4ef43ca46872605cf95ebc2f47\windows-amd64

VM Arguments:
jvm_args: --add-opens=java.base/java.util=ALL-UNNAMED --add-opens=java.base/java.lang=ALL-UNNAMED --add-opens=java.base/java.lang.invoke=ALL-UNNAMED --add-opens=java.prefs/java.util.prefs=ALL-UNNAMED --add-opens=java.base/java.nio.charset=ALL-UNNAMED --add-opens=java.base/java.net=ALL-UNNAMED --add-opens=java.base/java.util.concurrent.atomic=ALL-UNNAMED -Xmx3G -Dfile.encoding=UTF-8 -Duser.country=IT -Duser.language=it -Duser.variant -javaagent:C:\Users\fabir\.gradle\wrapper\dists\gradle-8.5-bin\5t9huq95ubn472n8rpzujfbqh\gradle-8.5\lib\agents\gradle-instrumentation-agent-8.5.jar 
java_command: org.gradle.launcher.daemon.bootstrap.GradleDaemon 8.5
java_class_path (initial): C:\Users\fabir\.gradle\wrapper\dists\gradle-8.5-bin\5t9huq95ubn472n8rpzujfbqh\gradle-8.5\lib\gradle-launcher-8.5.jar
Launcher Type: SUN_STANDARD

[Global flags]
     intx CICompilerCount                          = 4                                         {product} {ergonomic}
     uint ConcGCThreads                            = 2                                         {product} {ergonomic}
     uint G1ConcRefinementThreads                  = 8                                         {product} {ergonomic}
   size_t G1HeapRegionSize                         = 2097152                                   {product} {ergonomic}
    uintx GCDrainStackTargetSize                   = 64                                        {product} {ergonomic}
   size_t InitialHeapSize                          = 117440512                                 {product} {ergonomic}
   size_t MarkStackSize                            = 4194304                                   {product} {ergonomic}
   size_t MaxHeapSize                              = 3221225472                                {product} {command line}
   size_t MaxNewSize                               = 1931476992                                {product} {ergonomic}
   size_t MinHeapDeltaBytes                        = 2097152                                   {product} {ergonomic}
   size_t MinHeapSize                              = 8388608                                   {product} {ergonomic}
    uintx NonNMethodCodeHeapSize                   = 5839372                                {pd product} {ergonomic}
    uintx NonProfiledCodeHeapSize                  = 122909434                              {pd product} {ergonomic}
    uintx ProfiledCodeHeapSize                     = 122909434                              {pd product} {ergonomic}
    uintx ReservedCodeCacheSize                    = 251658240                              {pd product} {ergonomic}
     bool SegmentedCodeCache                       = true                                      {product} {ergonomic}
   size_t SoftMaxHeapSize                          = 3221225472                             {manageable} {ergonomic}
     bool UseCompressedClassPointers               = true                           {product lp64_product} {ergonomic}
     bool UseCompressedOops                        = true                           {product lp64_product} {ergonomic}
     bool UseG1GC                                  = true                                      {product} {ergonomic}
     bool UseLargePagesIndividualAllocation        = false                                  {pd product} {ergonomic}

Logging:
Log output configuration:
 #0: stdout all=warning uptime,level,tags
 #1: stderr all=off uptime,level,tags

Environment Variables:
JAVA_HOME=D:\Java 21
PATH=C:\Program Files\Common Files\Oracle\Java\javapath;C:\Ruby33-x64\bin;C:\WINDOWS\system32;C:\WINDOWS;C:\WINDOWS\System32\Wbem;C:\WINDOWS\System32\WindowsPowerShell\v1.0\;C:\WINDOWS\System32\OpenSSH\;C:\Program Files\Git\cmd;D:\Java 21\bin;C:\Program Files\nodejs\;C:\Program Files\Microsoft SQL Server\150\Tools\Binn\;C:\Program Files\Microsoft SQL Server\Client SDK\ODBC\170\Tools\Binn\;C:\Program Files\dotnet\;E:\Program Files (x86)\Bitvise SSH Client;D:\Program Files (x86)\Bitvise SSH Client;C:\Users\fabir\AppData\Local\Microsoft\WindowsApps;C:\Users\fabir\AppData\Local\Microsoft\WinGet\Packages\Schniz.fnm_Microsoft.Winget.Source_8wekyb3d8bbwe;C:\Users\fabir\AppData\Roaming\npm;C:\Users\fabir\.dotnet\tools
USERNAME=fabir
OS=Windows_NT
PROCESSOR_IDENTIFIER=AMD64 Family 23 Model 24 Stepping 1, AuthenticAMD



---------------  S Y S T E M  ---------------

OS:
 Windows 10 , 64 bit Build 19041 (10.0.19041.5072)
OS uptime: 8 days 8:01 hours

CPU: total 8 (initial active 8) (8 cores per cpu, 2 threads per core) family 23 model 24 stepping 1 microcode 0x0, cx8, cmov, fxsr, ht, mmx, 3dnowpref, sse, sse2, sse3, ssse3, sse4a, sse4.1, sse4.2, popcnt, lzcnt, tsc, tscinvbit, avx, avx2, aes, clmul, bmi1, bmi2, adx, sha, fma, vzeroupper, clflush, clflushopt

Memory: 4k page, system-wide physical 7103M (365M free)
TotalPageFile size 17343M (AvailPageFile size 12M)
current process WorkingSet (physical memory assigned to process): 194M, peak: 582M
current process commit charge ("private bytes"): 903M, peak: 929M

vm_info: OpenJDK 64-Bit Server VM (17.0.2+8-86) for windows-amd64 JRE (17.0.2+8-86), built on Dec  7 2021 21:49:10 by "mach5one" with MS VC++ 16.8 / 16.9 (VS2019)

END.
